#
# There is insufficient memory for the Java Runtime Environment to continue.
# Native memory allocation (malloc) failed to allocate 333520 bytes for Chunk::new
# Possible reasons:
#   The system is out of physical RAM or swap space
#   The process is running with CompressedOops enabled, and the Java Heap may be blocking the growth of the native heap
# Possible solutions:
#   Reduce memory load on the system
#   Increase physical memory or swap space
#   Check if swap backing store is full
#   Decrease Java heap size (-Xmx/-Xms)
#   Decrease number of Java threads
#   Decrease Java thread stack sizes (-Xss)
#   Set larger code cache with -XX:ReservedCodeCacheSize=
#   JVM is running with Unscaled Compressed Oops mode in which the Java heap is
#     placed in the first 4GB address space. The Java Heap base address is the
#     maximum limit for the native heap growth. Please use -XX:HeapBaseMinAddress
#     to set the Java Heap base and to place the Java Heap above 4GB virtual address.
# This output file may be truncated or incomplete.
#
#  Out of Memory Error (allocation.cpp:390), pid=12856, tid=0x00000000000029f0
#
# JRE version: Java(TM) SE Runtime Environment (8.0_201-b09) (build 1.8.0_201-b09)
# Java VM: Java HotSpot(TM) 64-Bit Server VM (25.201-b09 mixed mode windows-amd64 compressed oops)
# Failed to write core dump. Minidumps are not enabled by default on client versions of Windows
#

---------------  T H R E A D  ---------------

Current thread (0x0000000017967800):  JavaThread "C2 CompilerThread1" daemon [_thread_in_native, id=10736, stack(0x0000000019510000,0x0000000019610000)]

Stack: [0x0000000019510000,0x0000000019610000]
[error occurred during error reporting (printing stack bounds), id 0xc0000005]

Native frames: (J=compiled Java code, j=interpreted, Vv=VM code, C=native code)


Current CompileTask:
C2:   7873 3417       4       org.springframework.core.annotation.AnnotationsScanner::processClassHierarchy (214 bytes)


---------------  P R O C E S S  ---------------

Java Threads: ( => current thread )
  0x0000000019c66000 JavaThread "mysql-cj-abandoned-connection-cleanup" daemon [_thread_blocked, id=9708, stack(0x000000001e400000,0x000000001e500000)]
  0x0000000018d99000 JavaThread "Service Thread" daemon [_thread_blocked, id=12884, stack(0x0000000019710000,0x0000000019810000)]
  0x0000000018d94000 JavaThread "C1 CompilerThread2" daemon [_thread_blocked, id=10276, stack(0x0000000019610000,0x0000000019710000)]
=>0x0000000017967800 JavaThread "C2 CompilerThread1" daemon [_thread_in_native, id=10736, stack(0x0000000019510000,0x0000000019610000)]
  0x0000000017963800 JavaThread "C2 CompilerThread0" daemon [_thread_in_native, id=1796, stack(0x0000000019410000,0x0000000019510000)]
  0x0000000017961000 JavaThread "Monitor Ctrl-Break" daemon [_thread_in_native, id=2784, stack(0x0000000019310000,0x0000000019410000)]
  0x0000000018d52800 JavaThread "Attach Listener" daemon [_thread_blocked, id=6364, stack(0x0000000019210000,0x0000000019310000)]
  0x0000000017937000 JavaThread "Signal Dispatcher" daemon [_thread_blocked, id=8936, stack(0x0000000019110000,0x0000000019210000)]
  0x0000000017910800 JavaThread "Finalizer" daemon [_thread_blocked, id=1180, stack(0x0000000018bb0000,0x0000000018cb0000)]
  0x0000000002d87800 JavaThread "Reference Handler" daemon [_thread_blocked, id=8128, stack(0x0000000018ab0000,0x0000000018bb0000)]
  0x0000000002c97000 JavaThread "main" [_thread_in_Java, id=2984, stack(0x0000000002a10000,0x0000000002b10000)]

Other Threads:
  0x00000000178e6800 VMThread [stack: 0x00000000189b0000,0x0000000018ab0000] [id=5664]
  0x0000000018e14000 WatcherThread [stack: 0x0000000019810000,0x0000000019910000] [id=10628]

VM state:not at safepoint (normal execution)

VM Mutex/Monitor currently owned by a thread: None

heap address: 0x0000000081600000, size: 2026 MB, Compressed Oops mode: 32-bit
Narrow klass base: 0x0000000000000000, Narrow klass shift: 3
Compressed class space size: 1073741824 Address: 0x0000000100000000

Heap:
 PSYoungGen      total 222720K, used 7708K [0x00000000d5d00000, 0x00000000e4780000, 0x0000000100000000)
  eden space 212992K, 3% used [0x00000000d5d00000,0x00000000d6487368,0x00000000e2d00000)
  from space 9728K, 0% used [0x00000000e3e00000,0x00000000e3e00000,0x00000000e4780000)
  to   space 12800K, 0% used [0x00000000e2e80000,0x00000000e2e80000,0x00000000e3b00000)
 ParOldGen       total 86528K, used 14163K [0x0000000081600000, 0x0000000086a80000, 0x00000000d5d00000)
  object space 86528K, 16% used [0x0000000081600000,0x00000000823d4dd8,0x0000000086a80000)
 Metaspace       used 34005K, capacity 35640K, committed 35880K, reserved 1081344K
  class space    used 4466K, capacity 4796K, committed 4904K, reserved 1048576K

Card table byte_map: [0x0000000012150000,0x0000000012550000] byte_map_base: 0x0000000011d45000

Marking Bits: (ParMarkBitMap*) 0x000000005fe14ce0
 Begin Bits: [0x0000000012c00000, 0x0000000014ba8000)
 End Bits:   [0x0000000014ba8000, 0x0000000016b50000)

Polling page: 0x0000000000a20000

CodeCache: size=245760Kb used=11480Kb max_used=11480Kb free=234279Kb
 bounds [0x0000000002d90000, 0x00000000038d0000, 0x0000000011d90000]
 total_blobs=3687 nmethods=3255 adapters=344
 compilation: enabled

Compilation events (10 events):
Event: 7.866 Thread 0x0000000018d94000 3462       1       com.sun.org.apache.xalan.internal.utils.XMLSecurityManager$Limit::systemProperty (5 bytes)
Event: 7.866 Thread 0x0000000018d94000 nmethod 3462 0x00000000038cc290 code [0x00000000038cc3e0, 0x00000000038cc4f0]
Event: 7.867 Thread 0x0000000018d94000 3463       3       com.fasterxml.jackson.databind.module.SimpleModule::_checkNotNull (26 bytes)
Event: 7.868 Thread 0x0000000018d94000 nmethod 3463 0x00000000038cc550 code [0x00000000038cc780, 0x00000000038cd478]
Event: 7.868 Thread 0x0000000018d94000 3464       1       com.fasterxml.jackson.databind.type.ClassKey::hashCode (5 bytes)
Event: 7.868 Thread 0x0000000018d94000 nmethod 3464 0x00000000038cdc90 code [0x00000000038cdde0, 0x00000000038cdef0]
Event: 7.869 Thread 0x0000000018d94000 3465       1       org.springframework.beans.factory.support.AbstractBeanFactory::getConversionService (5 bytes)
Event: 7.869 Thread 0x0000000018d94000 nmethod 3465 0x00000000038cdf50 code [0x00000000038ce0a0, 0x00000000038ce1b0]
Event: 7.871 Thread 0x0000000018d94000 3466       3       org.springframework.beans.factory.config.InstantiationAwareBeanPostProcessorAdapter::postProcessBeforeInitialization (2 bytes)
Event: 7.871 Thread 0x0000000018d94000 nmethod 3466 0x00000000038ce210 code [0x00000000038ce360, 0x00000000038ce4b0]

GC Heap History (10 events):
Event: 3.931 GC heap before
{Heap before GC invocations=4 (full 0):
 PSYoungGen      total 71680K, used 21888K [0x00000000d5d00000, 0x00000000de900000, 0x0000000100000000)
  eden space 66560K, 25% used [0x00000000d5d00000,0x00000000d6d64558,0x00000000d9e00000)
  from space 5120K, 99% used [0x00000000d9e00000,0x00000000da2fbe50,0x00000000da300000)
  to   space 5120K, 0% used [0x00000000de400000,0x00000000de400000,0x00000000de900000)
 ParOldGen       total 87552K, used 4548K [0x0000000081600000, 0x0000000086b80000, 0x00000000d5d00000)
  object space 87552K, 5% used [0x0000000081600000,0x0000000081a710a8,0x0000000086b80000)
 Metaspace       used 20413K, capacity 21174K, committed 21296K, reserved 1067008K
  class space    used 2681K, capacity 2873K, committed 2944K, reserved 1048576K
Event: 3.940 GC heap after
Heap after GC invocations=4 (full 0):
 PSYoungGen      total 138240K, used 5090K [0x00000000d5d00000, 0x00000000de900000, 0x0000000100000000)
  eden space 133120K, 0% used [0x00000000d5d00000,0x00000000d5d00000,0x00000000ddf00000)
  from space 5120K, 99% used [0x00000000de400000,0x00000000de8f8b58,0x00000000de900000)
  to   space 5120K, 0% used [0x00000000ddf00000,0x00000000ddf00000,0x00000000de400000)
 ParOldGen       total 87552K, used 6083K [0x0000000081600000, 0x0000000086b80000, 0x00000000d5d00000)
  object space 87552K, 6% used [0x0000000081600000,0x0000000081bf0e08,0x0000000086b80000)
 Metaspace       used 20413K, capacity 21174K, committed 21296K, reserved 1067008K
  class space    used 2681K, capacity 2873K, committed 2944K, reserved 1048576K
}
Event: 3.940 GC heap before
{Heap before GC invocations=5 (full 1):
 PSYoungGen      total 138240K, used 5090K [0x00000000d5d00000, 0x00000000de900000, 0x0000000100000000)
  eden space 133120K, 0% used [0x00000000d5d00000,0x00000000d5d00000,0x00000000ddf00000)
  from space 5120K, 99% used [0x00000000de400000,0x00000000de8f8b58,0x00000000de900000)
  to   space 5120K, 0% used [0x00000000ddf00000,0x00000000ddf00000,0x00000000de400000)
 ParOldGen       total 87552K, used 6083K [0x0000000081600000, 0x0000000086b80000, 0x00000000d5d00000)
  object space 87552K, 6% used [0x0000000081600000,0x0000000081bf0e08,0x0000000086b80000)
 Metaspace       used 20413K, capacity 21174K, committed 21296K, reserved 1067008K
  class space    used 2681K, capacity 2873K, committed 2944K, reserved 1048576K
Event: 3.988 GC heap after
Heap after GC invocations=5 (full 1):
 PSYoungGen      total 138240K, used 0K [0x00000000d5d00000, 0x00000000de900000, 0x0000000100000000)
  eden space 133120K, 0% used [0x00000000d5d00000,0x00000000d5d00000,0x00000000ddf00000)
  from space 5120K, 0% used [0x00000000de400000,0x00000000de400000,0x00000000de900000)
  to   space 5120K, 0% used [0x00000000ddf00000,0x00000000ddf00000,0x00000000de400000)
 ParOldGen       total 54272K, used 6536K [0x0000000081600000, 0x0000000084b00000, 0x00000000d5d00000)
  object space 54272K, 12% used [0x0000000081600000,0x0000000081c620b0,0x0000000084b00000)
 Metaspace       used 20413K, capacity 21174K, committed 21296K, reserved 1067008K
  class space    used 2681K, capacity 2873K, committed 2944K, reserved 1048576K
}
Event: 6.638 GC heap before
{Heap before GC invocations=6 (full 1):
 PSYoungGen      total 138240K, used 133120K [0x00000000d5d00000, 0x00000000de900000, 0x0000000100000000)
  eden space 133120K, 100% used [0x00000000d5d00000,0x00000000ddf00000,0x00000000ddf00000)
  from space 5120K, 0% used [0x00000000de400000,0x00000000de400000,0x00000000de900000)
  to   space 5120K, 0% used [0x00000000ddf00000,0x00000000ddf00000,0x00000000de400000)
 ParOldGen       total 54272K, used 6536K [0x0000000081600000, 0x0000000084b00000, 0x00000000d5d00000)
  object space 54272K, 12% used [0x0000000081600000,0x0000000081c620b0,0x0000000084b00000)
 Metaspace       used 28387K, capacity 29512K, committed 29696K, reserved 1075200K
  class space    used 3728K, capacity 3972K, committed 4096K, reserved 1048576K
Event: 6.652 GC heap after
Heap after GC invocations=6 (full 1):
 PSYoungGen      total 138240K, used 5100K [0x00000000d5d00000, 0x00000000e4a00000, 0x0000000100000000)
  eden space 133120K, 0% used [0x00000000d5d00000,0x00000000d5d00000,0x00000000ddf00000)
  from space 5120K, 99% used [0x00000000ddf00000,0x00000000de3fb100,0x00000000de400000)
  to   space 12288K, 0% used [0x00000000e3e00000,0x00000000e3e00000,0x00000000e4a00000)
 ParOldGen       total 54272K, used 12889K [0x0000000081600000, 0x0000000084b00000, 0x00000000d5d00000)
  object space 54272K, 23% used [0x0000000081600000,0x0000000082296540,0x0000000084b00000)
 Metaspace       used 28387K, capacity 29512K, committed 29696K, reserved 1075200K
  class space    used 3728K, capacity 3972K, committed 4096K, reserved 1048576K
}
Event: 7.721 GC heap before
{Heap before GC invocations=7 (full 1):
 PSYoungGen      total 138240K, used 110504K [0x00000000d5d00000, 0x00000000e4a00000, 0x0000000100000000)
  eden space 133120K, 79% used [0x00000000d5d00000,0x00000000dc3ef2e8,0x00000000ddf00000)
  from space 5120K, 99% used [0x00000000ddf00000,0x00000000de3fb100,0x00000000de400000)
  to   space 12288K, 0% used [0x00000000e3e00000,0x00000000e3e00000,0x00000000e4a00000)
 ParOldGen       total 54272K, used 12889K [0x0000000081600000, 0x0000000084b00000, 0x00000000d5d00000)
  object space 54272K, 23% used [0x0000000081600000,0x0000000082296540,0x0000000084b00000)
 Metaspace       used 33854K, capacity 35446K, committed 35496K, reserved 1079296K
  class space    used 4436K, capacity 4757K, committed 4776K, reserved 1048576K
Event: 7.731 GC heap after
Heap after GC invocations=7 (full 1):
 PSYoungGen      total 222720K, used 9478K [0x00000000d5d00000, 0x00000000e4780000, 0x0000000100000000)
  eden space 212992K, 0% used [0x00000000d5d00000,0x00000000d5d00000,0x00000000e2d00000)
  from space 9728K, 97% used [0x00000000e3e00000,0x00000000e4741a78,0x00000000e4780000)
  to   space 12800K, 0% used [0x00000000e2e80000,0x00000000e2e80000,0x00000000e3b00000)
 ParOldGen       total 54272K, used 12897K [0x0000000081600000, 0x0000000084b00000, 0x00000000d5d00000)
  object space 54272K, 23% used [0x0000000081600000,0x0000000082298540,0x0000000084b00000)
 Metaspace       used 33854K, capacity 35446K, committed 35496K, reserved 1079296K
  class space    used 4436K, capacity 4757K, committed 4776K, reserved 1048576K
}
Event: 7.731 GC heap before
{Heap before GC invocations=8 (full 2):
 PSYoungGen      total 222720K, used 9478K [0x00000000d5d00000, 0x00000000e4780000, 0x0000000100000000)
  eden space 212992K, 0% used [0x00000000d5d00000,0x00000000d5d00000,0x00000000e2d00000)
  from space 9728K, 97% used [0x00000000e3e00000,0x00000000e4741a78,0x00000000e4780000)
  to   space 12800K, 0% used [0x00000000e2e80000,0x00000000e2e80000,0x00000000e3b00000)
 ParOldGen       total 54272K, used 12897K [0x0000000081600000, 0x0000000084b00000, 0x00000000d5d00000)
  object space 54272K, 23% used [0x0000000081600000,0x0000000082298540,0x0000000084b00000)
 Metaspace       used 33854K, capacity 35446K, committed 35496K, reserved 1079296K
  class space    used 4436K, capacity 4757K, committed 4776K, reserved 1048576K
Event: 7.813 GC heap after
Heap after GC invocations=8 (full 2):
 PSYoungGen      total 222720K, used 0K [0x00000000d5d00000, 0x00000000e4780000, 0x0000000100000000)
  eden space 212992K, 0% used [0x00000000d5d00000,0x00000000d5d00000,0x00000000e2d00000)
  from space 9728K, 0% used [0x00000000e3e00000,0x00000000e3e00000,0x00000000e4780000)
  to   space 12800K, 0% used [0x00000000e2e80000,0x00000000e2e80000,0x00000000e3b00000)
 ParOldGen       total 86528K, used 14163K [0x0000000081600000, 0x0000000086a80000, 0x00000000d5d00000)
  object space 86528K, 16% used [0x0000000081600000,0x00000000823d4dd8,0x0000000086a80000)
 Metaspace       used 33854K, capacity 35446K, committed 35496K, reserved 1079296K
  class space    used 4436K, capacity 4757K, committed 4776K, reserved 1048576K
}

Deoptimization events (10 events):
Event: 7.040 Thread 0x0000000002c97000 Uncommon trap: reason=class_check action=maybe_recompile pc=0x00000000035de6cc method=java.util.concurrent.ConcurrentHashMap.putVal(Ljava/lang/Object;Ljava/lang/Object;Z)Ljava/lang/Object; @ 192
Event: 7.073 Thread 0x0000000002c97000 Uncommon trap: reason=unstable_if action=reinterpret pc=0x0000000002fc2700 method=java.lang.AbstractStringBuilder.append(Ljava/lang/String;)Ljava/lang/AbstractStringBuilder; @ 1
Event: 7.295 Thread 0x0000000002c97000 Uncommon trap: reason=unstable_if action=reinterpret pc=0x00000000036965b0 method=java.util.concurrent.ConcurrentHashMap.get(Ljava/lang/Object;)Ljava/lang/Object; @ 152
Event: 7.318 Thread 0x0000000002c97000 Uncommon trap: reason=class_check action=maybe_recompile pc=0x00000000037322f8 method=org.springframework.beans.factory.support.AbstractBeanFactory.isTypeMatch(Ljava/lang/String;Lorg/springframework/core/ResolvableType;Z)Z @ 53
Event: 7.319 Thread 0x0000000002c97000 Uncommon trap: reason=class_check action=maybe_recompile pc=0x00000000037322f8 method=org.springframework.beans.factory.support.AbstractBeanFactory.isTypeMatch(Ljava/lang/String;Lorg/springframework/core/ResolvableType;Z)Z @ 53
Event: 7.322 Thread 0x0000000002c97000 Uncommon trap: reason=class_check action=maybe_recompile pc=0x00000000037322f8 method=org.springframework.beans.factory.support.AbstractBeanFactory.isTypeMatch(Ljava/lang/String;Lorg/springframework/core/ResolvableType;Z)Z @ 53
Event: 7.323 Thread 0x0000000002c97000 Uncommon trap: reason=class_check action=maybe_recompile pc=0x00000000037322f8 method=org.springframework.beans.factory.support.AbstractBeanFactory.isTypeMatch(Ljava/lang/String;Lorg/springframework/core/ResolvableType;Z)Z @ 53
Event: 7.405 Thread 0x0000000002c97000 Uncommon trap: reason=unstable_if action=reinterpret pc=0x00000000032bfedc method=java.io.WinNTFileSystem.isLetter(C)Z @ 3
Event: 7.554 Thread 0x0000000002c97000 Uncommon trap: reason=unstable_if action=reinterpret pc=0x00000000030f083c method=java.lang.reflect.Method.equals(Ljava/lang/Object;)Z @ 49
Event: 7.554 Thread 0x0000000002c97000 Uncommon trap: reason=unstable_if action=reinterpret pc=0x000000000378db34 method=java.lang.Class.searchMethods([Ljava/lang/reflect/Method;Ljava/lang/String;[Ljava/lang/Class;)Ljava/lang/reflect/Method; @ 47

Classes redefined (0 events):
No events

Internal exceptions (10 events):
Event: 7.853 Thread 0x0000000002c97000 Exception <a 'java/lang/ClassNotFoundException': java/lang/ObjectCustomizer> (0x00000000d60ed668) thrown at [C:\re\workspace\8-2-build-windows-amd64-cygwin\jdk8u201\12322\hotspot\src\share\vm\classfile\systemDictionary.cpp, line 210]
Event: 7.853 Thread 0x0000000002c97000 Exception <a 'java/lang/ClassNotFoundException': org/springframework/boot/autoconfigure/validation/ValidatorAdapterCustomizer> (0x00000000d6116148) thrown at [C:\re\workspace\8-2-build-windows-amd64-cygwin\jdk8u201\12322\hotspot\src\share\vm\classfile\sys
Event: 7.854 Thread 0x0000000002c97000 Exception <a 'java/lang/ClassNotFoundException': org/springframework/validation/SmartValidatorCustomizer> (0x00000000d613d178) thrown at [C:\re\workspace\8-2-build-windows-amd64-cygwin\jdk8u201\12322\hotspot\src\share\vm\classfile\systemDictionary.cpp, li
Event: 7.854 Thread 0x0000000002c97000 Exception <a 'java/lang/ClassNotFoundException': org/springframework/validation/ValidatorCustomizer> (0x00000000d615b9a0) thrown at [C:\re\workspace\8-2-build-windows-amd64-cygwin\jdk8u201\12322\hotspot\src\share\vm\classfile\systemDictionary.cpp, line 21
Event: 7.855 Thread 0x0000000002c97000 Exception <a 'java/lang/ClassNotFoundException': org/springframework/context/ApplicationContextAwareCustomizer> (0x00000000d617cdc8) thrown at [C:\re\workspace\8-2-build-windows-amd64-cygwin\jdk8u201\12322\hotspot\src\share\vm\classfile\systemDictionary.c
Event: 7.856 Thread 0x0000000002c97000 Exception <a 'java/lang/ClassNotFoundException': org/springframework/beans/factory/AwareCustomizer> (0x00000000d6199440) thrown at [C:\re\workspace\8-2-build-windows-amd64-cygwin\jdk8u201\12322\hotspot\src\share\vm\classfile\systemDictionary.cpp, line 210
Event: 7.856 Thread 0x0000000002c97000 Exception <a 'java/lang/ClassNotFoundException': org/springframework/beans/factory/InitializingBeanCustomizer> (0x00000000d61b8858) thrown at [C:\re\workspace\8-2-build-windows-amd64-cygwin\jdk8u201\12322\hotspot\src\share\vm\classfile\systemDictionary.cp
Event: 7.856 Thread 0x0000000002c97000 Exception <a 'java/lang/ClassNotFoundException': org/springframework/beans/factory/DisposableBeanCustomizer> (0x00000000d61d6fb8) thrown at [C:\re\workspace\8-2-build-windows-amd64-cygwin\jdk8u201\12322\hotspot\src\share\vm\classfile\systemDictionary.cpp,
Event: 7.870 Thread 0x0000000002c97000 Exception <a 'java/lang/ClassNotFoundException': java/lang/ObjectCustomizer> (0x00000000d630fe10) thrown at [C:\re\workspace\8-2-build-windows-amd64-cygwin\jdk8u201\12322\hotspot\src\share\vm\classfile\systemDictionary.cpp, line 210]
Event: 7.870 Thread 0x0000000002c97000 Exception <a 'java/lang/ClassNotFoundException': org/springframework/boot/autoconfigure/http/HttpMessageConvertersAutoConfigurationCustomizer> (0x00000000d633e510) thrown at [C:\re\workspace\8-2-build-windows-amd64-cygwin\jdk8u201\12322\hotspot\src\share\

Events (10 events):
Event: 7.869 loading class java/lang/ObjectCustomizer
Event: 7.869 loading class java/lang/ObjectCustomizer done
Event: 7.870 loading class java/lang/ObjectCustomizer
Event: 7.870 loading class java/lang/ObjectCustomizer done
Event: 7.870 loading class org/springframework/boot/autoconfigure/http/HttpMessageConvertersAutoConfigurationCustomizer
Event: 7.870 loading class org/springframework/boot/autoconfigure/http/HttpMessageConvertersAutoConfigurationCustomizer done
Event: 7.870 loading class org/springframework/boot/autoconfigure/http/HttpMessageConvertersAutoConfigurationCustomizer
Event: 7.870 loading class org/springframework/boot/autoconfigure/http/HttpMessageConvertersAutoConfigurationCustomizer done
Event: 7.870 loading class org/springframework/boot/autoconfigure/http/HttpMessageConvertersAutoConfigurationCustomizer
Event: 7.870 loading class org/springframework/boot/autoconfigure/http/HttpMessageConvertersAutoConfigurationCustomizer done


Dynamic libraries:
0x00007ff65c130000 - 0x00007ff65c167000 	D:\Java\jdk1.8.0_201\bin\java.exe
0x00007ffc842f0000 - 0x00007ffc844dd000 	C:\WINDOWS\SYSTEM32\ntdll.dll
0x00007ffc81e30000 - 0x00007ffc81ee3000 	C:\WINDOWS\System32\KERNEL32.DLL
0x00007ffc80680000 - 0x00007ffc80913000 	C:\WINDOWS\System32\KERNELBASE.dll
0x00007ffc82030000 - 0x00007ffc820d3000 	C:\WINDOWS\System32\ADVAPI32.dll
0x00007ffc81890000 - 0x00007ffc8192e000 	C:\WINDOWS\System32\msvcrt.dll
0x00007ffc81c90000 - 0x00007ffc81d2e000 	C:\WINDOWS\System32\sechost.dll
0x00007ffc81530000 - 0x00007ffc81652000 	C:\WINDOWS\System32\RPCRT4.dll
0x00007ffc81ae0000 - 0x00007ffc81c77000 	C:\WINDOWS\System32\USER32.dll
0x00007ffc80920000 - 0x00007ffc80940000 	C:\WINDOWS\System32\win32u.dll
0x00007ffc820e0000 - 0x00007ffc82109000 	C:\WINDOWS\System32\GDI32.dll
0x00007ffc80960000 - 0x00007ffc80af9000 	C:\WINDOWS\System32\gdi32full.dll
0x00007ffc805e0000 - 0x00007ffc80680000 	C:\WINDOWS\System32\msvcp_win.dll
0x00007ffc80430000 - 0x00007ffc8052a000 	C:\WINDOWS\System32\ucrtbase.dll
0x00007ffc6ec00000 - 0x00007ffc6ee79000 	C:\WINDOWS\WinSxS\amd64_microsoft.windows.common-controls_6595b64144ccf1df_6.0.17763.864_none_05b3441807210760\COMCTL32.dll
0x00007ffc82930000 - 0x00007ffc82c5c000 	C:\WINDOWS\System32\combase.dll
0x00007ffc80ce0000 - 0x00007ffc80d5e000 	C:\WINDOWS\System32\bcryptPrimitives.dll
0x00007ffc82850000 - 0x00007ffc8287e000 	C:\WINDOWS\System32\IMM32.DLL
0x000000005fea0000 - 0x000000005ff71000 	D:\Java\jdk1.8.0_201\jre\bin\msvcr100.dll
0x000000005f5f0000 - 0x000000005fe94000 	D:\Java\jdk1.8.0_201\jre\bin\server\jvm.dll
0x00007ffc821c0000 - 0x00007ffc821c8000 	C:\WINDOWS\System32\PSAPI.DLL
0x00007ffc67100000 - 0x00007ffc67109000 	C:\WINDOWS\SYSTEM32\WSOCK32.dll
0x00007ffc827e0000 - 0x00007ffc8284d000 	C:\WINDOWS\System32\WS2_32.dll
0x00007ffc7e340000 - 0x00007ffc7e364000 	C:\WINDOWS\SYSTEM32\WINMM.dll
0x00007ffc73200000 - 0x00007ffc7320a000 	C:\WINDOWS\SYSTEM32\VERSION.dll
0x00007ffc7e300000 - 0x00007ffc7e32d000 	C:\WINDOWS\SYSTEM32\winmmbase.dll
0x00007ffc803b0000 - 0x00007ffc803fa000 	C:\WINDOWS\System32\cfgmgr32.dll
0x00007ffc77310000 - 0x00007ffc7731f000 	D:\Java\jdk1.8.0_201\jre\bin\verify.dll
0x00007ffc742e0000 - 0x00007ffc74309000 	D:\Java\jdk1.8.0_201\jre\bin\java.dll
0x00007ffc7ca80000 - 0x00007ffc7caa3000 	D:\Java\jdk1.8.0_201\jre\bin\instrument.dll
0x00007ffc742c0000 - 0x00007ffc742d6000 	D:\Java\jdk1.8.0_201\jre\bin\zip.dll
0x00007ffc82c60000 - 0x00007ffc84154000 	C:\WINDOWS\System32\SHELL32.dll
0x00007ffc82110000 - 0x00007ffc821b8000 	C:\WINDOWS\System32\shcore.dll
0x00007ffc80dc0000 - 0x00007ffc8150d000 	C:\WINDOWS\System32\windows.storage.dll
0x00007ffc802e0000 - 0x00007ffc80304000 	C:\WINDOWS\System32\profapi.dll
0x00007ffc80350000 - 0x00007ffc803ad000 	C:\WINDOWS\System32\powrprof.dll
0x00007ffc821d0000 - 0x00007ffc82222000 	C:\WINDOWS\System32\shlwapi.dll
0x00007ffc80330000 - 0x00007ffc80341000 	C:\WINDOWS\System32\kernel.appcore.dll
0x00007ffc80940000 - 0x00007ffc80957000 	C:\WINDOWS\System32\cryptsp.dll
0x00007ffc7b8b0000 - 0x00007ffc7b8ca000 	D:\apps\idea\IntelliJ IDEA 2018.3.5\bin\breakgen64.dll
0x00007ffc4a860000 - 0x00007ffc4a87a000 	D:\Java\jdk1.8.0_201\jre\bin\net.dll
0x00007ffc70840000 - 0x00007ffc70a17000 	C:\WINDOWS\SYSTEM32\urlmon.dll
0x00007ffc710b0000 - 0x00007ffc71358000 	C:\WINDOWS\SYSTEM32\iertutil.dll
0x00007ffc7fd20000 - 0x00007ffc7fd2c000 	C:\WINDOWS\SYSTEM32\CRYPTBASE.DLL
0x00007ffc7fb50000 - 0x00007ffc7fbb7000 	C:\WINDOWS\system32\mswsock.dll
0x00007ffc468d0000 - 0x00007ffc468e1000 	D:\Java\jdk1.8.0_201\jre\bin\nio.dll
0x00007ffc7e4c0000 - 0x00007ffc7e4cd000 	D:\Java\jdk1.8.0_201\jre\bin\management.dll
0x00007ffc3cc80000 - 0x00007ffc3cc96000 	C:\WINDOWS\system32\napinsp.dll
0x00007ffc3cc60000 - 0x00007ffc3cc7a000 	C:\WINDOWS\system32\pnrpnsp.dll
0x00007ffc7f8b0000 - 0x00007ffc7f976000 	C:\WINDOWS\SYSTEM32\DNSAPI.dll
0x00007ffc81c80000 - 0x00007ffc81c88000 	C:\WINDOWS\System32\NSI.dll
0x00007ffc7f870000 - 0x00007ffc7f8ad000 	C:\WINDOWS\SYSTEM32\IPHLPAPI.DLL
0x00007ffc59bb0000 - 0x00007ffc59bbe000 	C:\WINDOWS\System32\winrnr.dll
0x00007ffc7c950000 - 0x00007ffc7c96b000 	C:\WINDOWS\system32\NLAapi.dll
0x00007ffc75c90000 - 0x00007ffc75ca5000 	C:\WINDOWS\system32\wshbth.dll
0x0000000061040000 - 0x0000000061066000 	C:\Program Files\Bonjour\mdnsNSP.dll
0x00007ffc6b770000 - 0x00007ffc6b77a000 	C:\Windows\System32\rasadhlp.dll
0x00007ffc6cdd0000 - 0x00007ffc6ce49000 	C:\WINDOWS\System32\fwpuclnt.dll
0x00007ffc80400000 - 0x00007ffc80426000 	C:\WINDOWS\System32\bcrypt.dll

VM Arguments:
jvm_args: -ea -Didea.test.cyclic.buffer.size=1048576 -javaagent:D:\apps\idea\IntelliJ IDEA 2018.3.5\lib\idea_rt.jar=9198:D:\apps\idea\IntelliJ IDEA 2018.3.5\bin -Dfile.encoding=UTF-8 
java_command: com.intellij.rt.execution.junit.JUnitStarter -ideVersion5 -junit4 com.liziwei.orderonline.mapper.OrderMapperTest,selectAllOrderById
java_class_path (initial): D:\apps\idea\IntelliJ IDEA 2018.3.5\lib\idea_rt.jar;D:\apps\idea\IntelliJ IDEA 2018.3.5\plugins\junit\lib\junit-rt.jar;D:\apps\idea\IntelliJ IDEA 2018.3.5\plugins\junit\lib\junit5-rt.jar;D:\Java\jdk1.8.0_201\jre\lib\charsets.jar;D:\Java\jdk1.8.0_201\jre\lib\deploy.jar;D:\Java\jdk1.8.0_201\jre\lib\ext\access-bridge-64.jar;D:\Java\jdk1.8.0_201\jre\lib\ext\cldrdata.jar;D:\Java\jdk1.8.0_201\jre\lib\ext\dnsns.jar;D:\Java\jdk1.8.0_201\jre\lib\ext\jaccess.jar;D:\Java\jdk1.8.0_201\jre\lib\ext\jfxrt.jar;D:\Java\jdk1.8.0_201\jre\lib\ext\localedata.jar;D:\Java\jdk1.8.0_201\jre\lib\ext\nashorn.jar;D:\Java\jdk1.8.0_201\jre\lib\ext\sunec.jar;D:\Java\jdk1.8.0_201\jre\lib\ext\sunjce_provider.jar;D:\Java\jdk1.8.0_201\jre\lib\ext\sunmscapi.jar;D:\Java\jdk1.8.0_201\jre\lib\ext\sunpkcs11.jar;D:\Java\jdk1.8.0_201\jre\lib\ext\zipfs.jar;D:\Java\jdk1.8.0_201\jre\lib\javaws.jar;D:\Java\jdk1.8.0_201\jre\lib\jce.jar;D:\Java\jdk1.8.0_201\jre\lib\jfr.jar;D:\Java\jdk1.8.0_201\jre\lib\jfxswt.jar;D:\Java\jdk1.8.0_201\jre\lib\jsse.jar;D:\Java\jdk1.8.0_201\jre\lib\management-agent.jar;D:\Java\jdk1.8.0_201\jre\lib\plugin.jar;D:\Java\jdk1.8.0_201\jre\lib\resources.jar;D:\Java\jdk1.8.0_201\jre\lib\rt.jar;D:\Works\liziwei\target\test-classes;D:\Works\liziwei\target\classes;D:\Maven\repository\org\springframework\boot\spring-boot-starter-jdbc\2.2.2.RELEASE\spring-boot-starter-jdbc-2.2.2.RELEASE.jar;D:\Maven\repository\org\springframework\boot\spring-boot-starter\2.2.2.RELEASE\spring-boot-starter-2.2.2.RELEASE.jar;D:\Maven\repository\org\springframework\boot\spring-boot-starter-logging\2.2.2.RELEASE\spring-boot-starter-logging-2.2.2.RELEASE.jar;D:\Maven\repository\ch\qos\logback\logback-classic\1.2.3\logback-classic-1.2.3.jar;D:\Maven\repository\ch\qos\logback\logback-core\1.2.3\logback-core-1.2.3.jar;D:\Maven\repository\org\apache\logging\log4j\log4j-to-slf4j\2.12.1\log4j-to-slf4j-2.12.1.jar;D:\Maven\repository\org\apache\logging\log4j\log4j-api\2.12.1\log4j-api-2.12.1.jar;D:
Launcher Type: SUN_STANDARD

Environment Variables:
JAVA_HOME=D:\Java\jdk1.8.0_201
JRE_HOME=D:\Java\jdk1.8.0_201\jre
PATH=C:\ProgramData\DockerDesktop\version-bin;C:\Program Files\Docker\Docker\Resources\bin;D:\Java\jdk1.8.0_201\bin;C:\Program Files (x86)\Common Files\Oracle\Java\javapath;C:\WINDOWS\system32;C:\WINDOWS;C:\WINDOWS\System32\Wbem;C:\WINDOWS\System32\WindowsPowerShell\v1.0\;D:\Maven\apache-maven-3.6.0\bin;D:\Tomcat\apache-tomcat-7.0.93\lib;C:\WINDOWS\System32\OpenSSH\;D:\SVN\bin;D:\apps\Calibre\;D:\Git\cmd;D:\apps\nodejs\;D:\hadoop-2.7.7\bin;D:\hadoop-2.7.7\sbin;D:\zookeeper-3.4.14\bin;D:\apps\cmder_mini\bin;D:\Go\bin;C:\Users\Administrator\AppData\Local\Microsoft\WindowsApps;;D:\apps\IntelliJ IDEA 2018.3.5\bin;;C:\Users\Administrator\AppData\Roaming\npm;C:\Users\Administrator\go\bin;D:\Microsoft VS Code\bin
USERNAME=Administrator
OS=Windows_NT
PROCESSOR_IDENTIFIER=Intel64 Family 6 Model 142 Stepping 9, GenuineIntel



---------------  S Y S T E M  ---------------

OS: Windows 10.0 , 64 bit Build 17763 (10.0.17763.475)

CPU:total 4 (initial active 4) (2 cores per cpu, 2 threads per core) family 6 model 142 stepping 9, cmov, cx8, fxsr, mmx, sse, sse2, sse3, ssse3, sse4.1, sse4.2, popcnt, avx, avx2, aes, clmul, erms, 3dnowpref, lzcnt, ht, tsc, tscinvbit, bmi1, bmi2, adx

Memory: 4k page, physical 8295652k(1368200k free), swap 8295652k(5168k free)

vm_info: Java HotSpot(TM) 64-Bit Server VM (25.201-b09) for windows-amd64 JRE (1.8.0_201-b09), built on Dec 15 2018 18:36:39 by "java_re" with MS VC++ 10.0 (VS2010)

time: Thu Feb 27 01:19:13 2020
timezone: 中国标准时间
elapsed time: 7 seconds (0d 0h 0m 7s)

