#
# There is insufficient memory for the Java Runtime Environment to continue.
# Native memory allocation (malloc) failed to allocate 177456 bytes for Chunk::new
# Possible reasons:
#   The system is out of physical RAM or swap space
#   The process is running with CompressedOops enabled, and the Java Heap may be blocking the growth of the native heap
# Possible solutions:
#   Reduce memory load on the system
#   Increase physical memory or swap space
#   Check if swap backing store is full
#   Decrease Java heap size (-Xmx/-Xms)
#   Decrease number of Java threads
#   Decrease Java thread stack sizes (-Xss)
#   Set larger code cache with -XX:ReservedCodeCacheSize=
#   JVM is running with Unscaled Compressed Oops mode in which the Java heap is
#     placed in the first 4GB address space. The Java Heap base address is the
#     maximum limit for the native heap growth. Please use -XX:HeapBaseMinAddress
#     to set the Java Heap base and to place the Java Heap above 4GB virtual address.
# This output file may be truncated or incomplete.
#
#  Out of Memory Error (allocation.cpp:390), pid=4140, tid=0x0000000000000468
#
# JRE version: Java(TM) SE Runtime Environment (8.0_201-b09) (build 1.8.0_201-b09)
# Java VM: Java HotSpot(TM) 64-Bit Server VM (25.201-b09 mixed mode windows-amd64 compressed oops)
# Failed to write core dump. Minidumps are not enabled by default on client versions of Windows
#

---------------  T H R E A D  ---------------

Current thread (0x0000000019dac800):  JavaThread "C2 CompilerThread0" daemon [_thread_in_native, id=1128, stack(0x000000001a550000,0x000000001a650000)]

Stack: [0x000000001a550000,0x000000001a650000]
[error occurred during error reporting (printing stack bounds), id 0xc0000005]

Native frames: (J=compiled Java code, j=interpreted, Vv=VM code, C=native code)


Current CompileTask:
C2:   3585 1589   !   4       java.lang.ClassLoader::loadClass (122 bytes)


---------------  P R O C E S S  ---------------

Java Threads: ( => current thread )
  0x0000000019407000 JavaThread "background-preinit" [_thread_in_native, id=5660, stack(0x000000001bed0000,0x000000001bfd0000)]
  0x0000000019e4c800 JavaThread "Service Thread" daemon [_thread_blocked, id=5272, stack(0x000000001a850000,0x000000001a950000)]
  0x0000000019dae000 JavaThread "C1 CompilerThread2" daemon [_thread_blocked, id=528, stack(0x000000001a750000,0x000000001a850000)]
  0x0000000019dad800 JavaThread "C2 CompilerThread1" daemon [_thread_blocked, id=432, stack(0x000000001a650000,0x000000001a750000)]
=>0x0000000019dac800 JavaThread "C2 CompilerThread0" daemon [_thread_in_native, id=1128, stack(0x000000001a550000,0x000000001a650000)]
  0x0000000017fd1000 JavaThread "JDWP Command Reader" daemon [_thread_in_native, id=8940, stack(0x0000000019b50000,0x0000000019c50000)]
  0x0000000017fcd800 JavaThread "JDWP Event Helper Thread" daemon [_thread_blocked, id=8976, stack(0x0000000019a50000,0x0000000019b50000)]
  0x0000000017fc1000 JavaThread "JDWP Transport Listener: dt_socket" daemon [_thread_blocked, id=7940, stack(0x0000000019950000,0x0000000019a50000)]
  0x0000000019392800 JavaThread "Attach Listener" daemon [_thread_blocked, id=1988, stack(0x0000000019850000,0x0000000019950000)]
  0x0000000017fa6000 JavaThread "Signal Dispatcher" daemon [_thread_blocked, id=8044, stack(0x0000000019750000,0x0000000019850000)]
  0x000000000332b000 JavaThread "Finalizer" daemon [_thread_blocked, id=11892, stack(0x00000000191f0000,0x00000000192f0000)]
  0x0000000003328000 JavaThread "Reference Handler" daemon [_thread_blocked, id=2712, stack(0x00000000190f0000,0x00000000191f0000)]
  0x0000000003237800 JavaThread "main" [_thread_in_Java, id=10504, stack(0x0000000002cf0000,0x0000000002df0000)]

Other Threads:
  0x0000000017f57000 VMThread [stack: 0x0000000018ff0000,0x00000000190f0000] [id=9124]
  0x0000000019eac000 WatcherThread [stack: 0x000000001a950000,0x000000001aa50000] [id=9772]

VM state:not at safepoint (normal execution)

VM Mutex/Monitor currently owned by a thread: None

heap address: 0x0000000081600000, size: 2026 MB, Compressed Oops mode: 32-bit
Narrow klass base: 0x0000000000000000, Narrow klass shift: 3
Compressed class space size: 1073741824 Address: 0x0000000100000000

Heap:
 PSYoungGen      total 38400K, used 30696K [0x00000000d5d00000, 0x00000000da800000, 0x0000000100000000)
  eden space 33280K, 76% used [0x00000000d5d00000,0x00000000d75fe7d8,0x00000000d7d80000)
  from space 5120K, 99% used [0x00000000d8280000,0x00000000d877b948,0x00000000d8780000)
  to   space 5120K, 0% used [0x00000000d7d80000,0x00000000d7d80000,0x00000000d8280000)
 ParOldGen       total 87552K, used 2350K [0x0000000081600000, 0x0000000086b80000, 0x00000000d5d00000)
  object space 87552K, 2% used [0x0000000081600000,0x000000008184b838,0x0000000086b80000)
 Metaspace       used 20139K, capacity 20916K, committed 20992K, reserved 1067008K
  class space    used 2618K, capacity 2798K, committed 2816K, reserved 1048576K

Card table byte_map: [0x00000000127f0000,0x0000000012bf0000] byte_map_base: 0x00000000123e5000

Marking Bits: (ParMarkBitMap*) 0x000000005fe14ce0
 Begin Bits: [0x00000000132a0000, 0x0000000015248000)
 End Bits:   [0x0000000015248000, 0x00000000171f0000)

Polling page: 0x0000000001000000

CodeCache: size=245760Kb used=5471Kb max_used=5471Kb free=240288Kb
 bounds [0x0000000003430000, 0x0000000003990000, 0x0000000012430000]
 total_blobs=1968 nmethods=1598 adapters=290
 compilation: enabled

Compilation events (10 events):
Event: 3.562 Thread 0x0000000019dae000 1596   !   3       java.lang.ClassLoader::definePackage (77 bytes)
Event: 3.563 Thread 0x0000000019dae000 nmethod 1596 0x0000000003982e10 code [0x0000000003982fc0, 0x00000000039836b8]
Event: 3.565 Thread 0x0000000019dae000 1597       3       ch.qos.logback.classic.Logger::isTraceEnabled (6 bytes)
Event: 3.566 Thread 0x0000000019dae000 nmethod 1597 0x00000000039829d0 code [0x0000000003982b40, 0x0000000003982d68]
Event: 3.566 Thread 0x0000000019dae000 1598       3       java.util.Objects::equals (23 bytes)
Event: 3.567 Thread 0x0000000019dae000 nmethod 1598 0x00000000039824d0 code [0x0000000003982640, 0x0000000003982928]
Event: 3.572 Thread 0x0000000019dae000 1599       3       ch.qos.logback.classic.Logger::isDebugEnabled (77 bytes)
Event: 3.573 Thread 0x0000000019dae000 nmethod 1599 0x0000000003984dd0 code [0x0000000003985020, 0x0000000003986018]
Event: 3.573 Thread 0x0000000019dae000 1600       3       java.net.URLClassLoader::definePackage (272 bytes)
Event: 3.575 Thread 0x0000000019dae000 nmethod 1600 0x00000000039867d0 code [0x0000000003986c60, 0x0000000003989c58]

GC Heap History (8 events):
Event: 1.608 GC heap before
{Heap before GC invocations=1 (full 0):
 PSYoungGen      total 38400K, used 33280K [0x00000000d5d00000, 0x00000000d8780000, 0x0000000100000000)
  eden space 33280K, 100% used [0x00000000d5d00000,0x00000000d7d80000,0x00000000d7d80000)
  from space 5120K, 0% used [0x00000000d8280000,0x00000000d8280000,0x00000000d8780000)
  to   space 5120K, 0% used [0x00000000d7d80000,0x00000000d7d80000,0x00000000d8280000)
 ParOldGen       total 87552K, used 0K [0x0000000081600000, 0x0000000086b80000, 0x00000000d5d00000)
  object space 87552K, 0% used [0x0000000081600000,0x0000000081600000,0x0000000086b80000)
 Metaspace       used 8599K, capacity 8850K, committed 9088K, reserved 1056768K
  class space    used 996K, capacity 1061K, committed 1152K, reserved 1048576K
Event: 1.614 GC heap after
Heap after GC invocations=1 (full 0):
 PSYoungGen      total 38400K, used 4047K [0x00000000d5d00000, 0x00000000d8780000, 0x0000000100000000)
  eden space 33280K, 0% used [0x00000000d5d00000,0x00000000d5d00000,0x00000000d7d80000)
  from space 5120K, 79% used [0x00000000d7d80000,0x00000000d8173cd8,0x00000000d8280000)
  to   space 5120K, 0% used [0x00000000d8280000,0x00000000d8280000,0x00000000d8780000)
 ParOldGen       total 87552K, used 8K [0x0000000081600000, 0x0000000086b80000, 0x00000000d5d00000)
  object space 87552K, 0% used [0x0000000081600000,0x0000000081602000,0x0000000086b80000)
 Metaspace       used 8599K, capacity 8850K, committed 9088K, reserved 1056768K
  class space    used 996K, capacity 1061K, committed 1152K, reserved 1048576K
}
Event: 2.539 GC heap before
{Heap before GC invocations=2 (full 0):
 PSYoungGen      total 38400K, used 37327K [0x00000000d5d00000, 0x00000000d8780000, 0x0000000100000000)
  eden space 33280K, 100% used [0x00000000d5d00000,0x00000000d7d80000,0x00000000d7d80000)
  from space 5120K, 79% used [0x00000000d7d80000,0x00000000d8173cd8,0x00000000d8280000)
  to   space 5120K, 0% used [0x00000000d8280000,0x00000000d8280000,0x00000000d8780000)
 ParOldGen       total 87552K, used 8K [0x0000000081600000, 0x0000000086b80000, 0x00000000d5d00000)
  object space 87552K, 0% used [0x0000000081600000,0x0000000081602000,0x0000000086b80000)
 Metaspace       used 11825K, capacity 12252K, committed 12544K, reserved 1060864K
  class space    used 1403K, capacity 1530K, committed 1536K, reserved 1048576K
Event: 2.546 GC heap after
Heap after GC invocations=2 (full 0):
 PSYoungGen      total 38400K, used 5034K [0x00000000d5d00000, 0x00000000d8780000, 0x0000000100000000)
  eden space 33280K, 0% used [0x00000000d5d00000,0x00000000d5d00000,0x00000000d7d80000)
  from space 5120K, 98% used [0x00000000d8280000,0x00000000d876a860,0x00000000d8780000)
  to   space 5120K, 0% used [0x00000000d7d80000,0x00000000d7d80000,0x00000000d8280000)
 ParOldGen       total 87552K, used 16K [0x0000000081600000, 0x0000000086b80000, 0x00000000d5d00000)
  object space 87552K, 0% used [0x0000000081600000,0x0000000081604000,0x0000000086b80000)
 Metaspace       used 11825K, capacity 12252K, committed 12544K, reserved 1060864K
  class space    used 1403K, capacity 1530K, committed 1536K, reserved 1048576K
}
Event: 3.032 GC heap before
{Heap before GC invocations=3 (full 0):
 PSYoungGen      total 38400K, used 38314K [0x00000000d5d00000, 0x00000000d8780000, 0x0000000100000000)
  eden space 33280K, 100% used [0x00000000d5d00000,0x00000000d7d80000,0x00000000d7d80000)
  from space 5120K, 98% used [0x00000000d8280000,0x00000000d876a860,0x00000000d8780000)
  to   space 5120K, 0% used [0x00000000d7d80000,0x00000000d7d80000,0x00000000d8280000)
 ParOldGen       total 87552K, used 16K [0x0000000081600000, 0x0000000086b80000, 0x00000000d5d00000)
  object space 87552K, 0% used [0x0000000081600000,0x0000000081604000,0x0000000086b80000)
 Metaspace       used 15487K, capacity 15962K, committed 16128K, reserved 1062912K
  class space    used 1914K, capacity 2031K, committed 2048K, reserved 1048576K
Event: 3.040 GC heap after
Heap after GC invocations=3 (full 0):
 PSYoungGen      total 38400K, used 5108K [0x00000000d5d00000, 0x00000000d8780000, 0x0000000100000000)
  eden space 33280K, 0% used [0x00000000d5d00000,0x00000000d5d00000,0x00000000d7d80000)
  from space 5120K, 99% used [0x00000000d7d80000,0x00000000d827d178,0x00000000d8280000)
  to   space 5120K, 0% used [0x00000000d8280000,0x00000000d8280000,0x00000000d8780000)
 ParOldGen       total 87552K, used 1004K [0x0000000081600000, 0x0000000086b80000, 0x00000000d5d00000)
  object space 87552K, 1% used [0x0000000081600000,0x00000000816fb3d8,0x0000000086b80000)
 Metaspace       used 15487K, capacity 15962K, committed 16128K, reserved 1062912K
  class space    used 1914K, capacity 2031K, committed 2048K, reserved 1048576K
}
Event: 3.382 GC heap before
{Heap before GC invocations=4 (full 0):
 PSYoungGen      total 38400K, used 38388K [0x00000000d5d00000, 0x00000000d8780000, 0x0000000100000000)
  eden space 33280K, 100% used [0x00000000d5d00000,0x00000000d7d80000,0x00000000d7d80000)
  from space 5120K, 99% used [0x00000000d7d80000,0x00000000d827d178,0x00000000d8280000)
  to   space 5120K, 0% used [0x00000000d8280000,0x00000000d8280000,0x00000000d8780000)
 ParOldGen       total 87552K, used 1004K [0x0000000081600000, 0x0000000086b80000, 0x00000000d5d00000)
  object space 87552K, 1% used [0x0000000081600000,0x00000000816fb3d8,0x0000000086b80000)
 Metaspace       used 17746K, capacity 18360K, committed 18688K, reserved 1064960K
  class space    used 2325K, capacity 2464K, committed 2560K, reserved 1048576K
Event: 3.389 GC heap after
Heap after GC invocations=4 (full 0):
 PSYoungGen      total 38400K, used 5102K [0x00000000d5d00000, 0x00000000da800000, 0x0000000100000000)
  eden space 33280K, 0% used [0x00000000d5d00000,0x00000000d5d00000,0x00000000d7d80000)
  from space 5120K, 99% used [0x00000000d8280000,0x00000000d877b948,0x00000000d8780000)
  to   space 5120K, 0% used [0x00000000d7d80000,0x00000000d7d80000,0x00000000d8280000)
 ParOldGen       total 87552K, used 2350K [0x0000000081600000, 0x0000000086b80000, 0x00000000d5d00000)
  object space 87552K, 2% used [0x0000000081600000,0x000000008184b838,0x0000000086b80000)
 Metaspace       used 17746K, capacity 18360K, committed 18688K, reserved 1064960K
  class space    used 2325K, capacity 2464K, committed 2560K, reserved 1048576K
}

Deoptimization events (10 events):
Event: 2.300 Thread 0x0000000003237800 Uncommon trap: reason=range_check action=make_not_entrant pc=0x00000000036d178c method=sun.reflect.generics.parser.SignatureParser.current()C @ 34
Event: 2.755 Thread 0x0000000003237800 Uncommon trap: reason=unstable_if action=reinterpret pc=0x00000000037ad52c method=java.util.HashMap.putVal(ILjava/lang/Object;Ljava/lang/Object;ZZ)Ljava/lang/Object; @ 236
Event: 2.964 Thread 0x0000000019407000 Uncommon trap: reason=unstable_if action=reinterpret pc=0x0000000003884a54 method=java.util.concurrent.ConcurrentHashMap.addCount(JI)V @ 168
Event: 2.992 Thread 0x0000000003237800 Uncommon trap: reason=unstable_if action=reinterpret pc=0x000000000369d600 method=java.util.HashMap.hash(Ljava/lang/Object;)I @ 1
Event: 3.225 Thread 0x0000000003237800 Uncommon trap: reason=unstable_if action=reinterpret pc=0x00000000038eba2c method=org.springframework.boot.context.properties.source.ConfigurationPropertyName$ElementsParser.isAlpha(C)Z @ 9
Event: 3.317 Thread 0x0000000003237800 Uncommon trap: reason=unstable_if action=reinterpret pc=0x000000000387876c method=java.net.URL.<init>(Ljava/net/URL;Ljava/lang/String;Ljava/net/URLStreamHandler;)V @ 347
Event: 3.367 Thread 0x0000000003237800 Uncommon trap: reason=unstable_if action=reinterpret pc=0x00000000039402fc method=java.util.jar.JarFile.maybeInstantiateVerifier()V @ 21
Event: 3.442 Thread 0x0000000019407000 Uncommon trap: reason=class_check action=maybe_recompile pc=0x00000000037aabfc method=java.util.HashMap.putVal(ILjava/lang/Object;Ljava/lang/Object;ZZ)Ljava/lang/Object; @ 203
Event: 3.448 Thread 0x0000000019407000 Uncommon trap: reason=class_check action=maybe_recompile pc=0x00000000037aabfc method=java.util.HashMap.putVal(ILjava/lang/Object;Ljava/lang/Object;ZZ)Ljava/lang/Object; @ 203
Event: 3.451 Thread 0x0000000019407000 Uncommon trap: reason=class_check action=maybe_recompile pc=0x00000000037aabfc method=java.util.HashMap.putVal(ILjava/lang/Object;Ljava/lang/Object;ZZ)Ljava/lang/Object; @ 203

Classes redefined (0 events):
No events

Internal exceptions (10 events):
Event: 1.887 Thread 0x0000000003237800 Exception <a 'java/lang/NoSuchMethodError': java.lang.Object.lambda$comparing$77a9974f$1(Ljava/util/function/Function;Ljava/lang/Object;Ljava/lang/Object;)I> (0x00000000d666bb28) thrown at [C:\re\workspace\8-2-build-windows-amd64-cygwin\jdk8u201\12322\hot
Event: 2.266 Thread 0x0000000003237800 Exception <a 'java/lang/NoSuchMethodError': java.lang.Object.lambda$static$0(Ljava/lang/Object;)Ljava/lang/Object;> (0x00000000d6e33958) thrown at [C:\re\workspace\8-2-build-windows-amd64-cygwin\jdk8u201\12322\hotspot\src\share\vm\interpreter\linkResolver
Event: 2.300 Thread 0x0000000003237800 Exception <a 'java/lang/ArrayIndexOutOfBoundsException': 18> (0x00000000d6f5d208) thrown at [C:\re\workspace\8-2-build-windows-amd64-cygwin\jdk8u201\12322\hotspot\src\share\vm\interpreter\interpreterRuntime.cpp, line 368]
Event: 2.811 Thread 0x0000000003237800 Exception <a 'java/lang/NoSuchMethodError': java.lang.Object.lambda$chars$0()Ljava/util/Spliterator$OfInt;> (0x00000000d6bd0d08) thrown at [C:\re\workspace\8-2-build-windows-amd64-cygwin\jdk8u201\12322\hotspot\src\share\vm\interpreter\linkResolver.cpp, li
Event: 2.992 Thread 0x0000000003237800 Implicit null exception at 0x000000000369d354 to 0x000000000369d5e9
Event: 3.084 Thread 0x0000000003237800 Exception <a 'java/lang/NoSuchMethodError': java.lang.Object.lambda$comparingByKey$6d558cbf$1(Ljava/util/Comparator;Ljava/util/Map$Entry;Ljava/util/Map$Entry;)I> (0x00000000d6073458) thrown at [C:\re\workspace\8-2-build-windows-amd64-cygwin\jdk8u201\12322
Event: 3.367 Thread 0x0000000003237800 Implicit null exception at 0x000000000393fe3b to 0x00000000039402eb
Event: 3.424 Thread 0x0000000003237800 Exception <a 'java/io/FileNotFoundException'> (0x00000000d61a82d0) thrown at [C:\re\workspace\8-2-build-windows-amd64-cygwin\jdk8u201\12322\hotspot\src\share\vm\prims\jni.cpp, line 709]
Event: 3.535 Thread 0x0000000003237800 Exception <a 'java/lang/NoSuchMethodError': java.lang.Object.lambda$getAnnotationTypes$0(Lorg/springframework/core/annotation/MergedAnnotation;)Ljava/lang/String;> (0x00000000d6fd3540) thrown at [C:\re\workspace\8-2-build-windows-amd64-cygwin\jdk8u201\123
Event: 3.545 Thread 0x0000000003237800 Exception <a 'java/lang/NoSuchMethodError': java.lang.Object.lambda$getMetaAnnotationTypes$1(Lorg/springframework/core/annotation/MergedAnnotation;)Ljava/lang/String;> (0x00000000d6ff6140) thrown at [C:\re\workspace\8-2-build-windows-amd64-cygwin\jdk8u201

Events (10 events):
Event: 3.582 Thread 0x0000000019407000 DEOPT PACKING pc=0x00000000035ae094 sp=0x000000001bfcd4f0
Event: 3.582 Thread 0x0000000019407000 DEOPT UNPACKING pc=0x0000000003477890 sp=0x000000001bfcd310 mode 1
Event: 3.582 loading class org/springframework/expression/spel/SpelParserConfiguration
Event: 3.582 loading class org/springframework/expression/spel/SpelParserConfiguration done
Event: 3.582 Thread 0x0000000003237800 DEOPT PACKING pc=0x0000000003617081 sp=0x0000000002ded440
Event: 3.582 Thread 0x0000000003237800 DEOPT UNPACKING pc=0x0000000003477890 sp=0x0000000002ded190 mode 1
Event: 3.582 Thread 0x0000000003237800 DEOPT PACKING pc=0x00000000035ae2fc sp=0x0000000002ded4c0
Event: 3.582 Thread 0x0000000003237800 DEOPT UNPACKING pc=0x0000000003477890 sp=0x0000000002ded2e0 mode 1
Event: 3.582 Thread 0x0000000003237800 DEOPT PACKING pc=0x00000000035ae094 sp=0x0000000002ded650
Event: 3.582 Thread 0x0000000003237800 DEOPT UNPACKING pc=0x0000000003477890 sp=0x0000000002ded470 mode 1


Dynamic libraries:
0x00007ff65c130000 - 0x00007ff65c167000 	D:\Java\jdk1.8.0_201\bin\java.exe
0x00007ffc842f0000 - 0x00007ffc844dd000 	C:\WINDOWS\SYSTEM32\ntdll.dll
0x00007ffc81e30000 - 0x00007ffc81ee3000 	C:\WINDOWS\System32\KERNEL32.DLL
0x00007ffc80680000 - 0x00007ffc80913000 	C:\WINDOWS\System32\KERNELBASE.dll
0x00007ffc82030000 - 0x00007ffc820d3000 	C:\WINDOWS\System32\ADVAPI32.dll
0x00007ffc81890000 - 0x00007ffc8192e000 	C:\WINDOWS\System32\msvcrt.dll
0x00007ffc81c90000 - 0x00007ffc81d2e000 	C:\WINDOWS\System32\sechost.dll
0x00007ffc81530000 - 0x00007ffc81652000 	C:\WINDOWS\System32\RPCRT4.dll
0x00007ffc81ae0000 - 0x00007ffc81c77000 	C:\WINDOWS\System32\USER32.dll
0x00007ffc80920000 - 0x00007ffc80940000 	C:\WINDOWS\System32\win32u.dll
0x00007ffc820e0000 - 0x00007ffc82109000 	C:\WINDOWS\System32\GDI32.dll
0x00007ffc80960000 - 0x00007ffc80af9000 	C:\WINDOWS\System32\gdi32full.dll
0x00007ffc805e0000 - 0x00007ffc80680000 	C:\WINDOWS\System32\msvcp_win.dll
0x00007ffc80430000 - 0x00007ffc8052a000 	C:\WINDOWS\System32\ucrtbase.dll
0x00007ffc6ec00000 - 0x00007ffc6ee79000 	C:\WINDOWS\WinSxS\amd64_microsoft.windows.common-controls_6595b64144ccf1df_6.0.17763.864_none_05b3441807210760\COMCTL32.dll
0x00007ffc82930000 - 0x00007ffc82c5c000 	C:\WINDOWS\System32\combase.dll
0x00007ffc80ce0000 - 0x00007ffc80d5e000 	C:\WINDOWS\System32\bcryptPrimitives.dll
0x00007ffc82850000 - 0x00007ffc8287e000 	C:\WINDOWS\System32\IMM32.DLL
0x000000005fea0000 - 0x000000005ff71000 	D:\Java\jdk1.8.0_201\jre\bin\msvcr100.dll
0x000000005f5f0000 - 0x000000005fe94000 	D:\Java\jdk1.8.0_201\jre\bin\server\jvm.dll
0x00007ffc821c0000 - 0x00007ffc821c8000 	C:\WINDOWS\System32\PSAPI.DLL
0x00007ffc67100000 - 0x00007ffc67109000 	C:\WINDOWS\SYSTEM32\WSOCK32.dll
0x00007ffc827e0000 - 0x00007ffc8284d000 	C:\WINDOWS\System32\WS2_32.dll
0x00007ffc7e340000 - 0x00007ffc7e364000 	C:\WINDOWS\SYSTEM32\WINMM.dll
0x00007ffc73200000 - 0x00007ffc7320a000 	C:\WINDOWS\SYSTEM32\VERSION.dll
0x00007ffc7e300000 - 0x00007ffc7e32d000 	C:\WINDOWS\SYSTEM32\WINMMBASE.dll
0x00007ffc803b0000 - 0x00007ffc803fa000 	C:\WINDOWS\System32\cfgmgr32.dll
0x00007ffc77310000 - 0x00007ffc7731f000 	D:\Java\jdk1.8.0_201\jre\bin\verify.dll
0x00007ffc742e0000 - 0x00007ffc74309000 	D:\Java\jdk1.8.0_201\jre\bin\java.dll
0x00007ffc7e3c0000 - 0x00007ffc7e3f5000 	D:\Java\jdk1.8.0_201\jre\bin\jdwp.dll
0x00007ffc7e440000 - 0x00007ffc7e448000 	D:\Java\jdk1.8.0_201\jre\bin\npt.dll
0x00007ffc7c980000 - 0x00007ffc7c9a3000 	D:\Java\jdk1.8.0_201\jre\bin\instrument.dll
0x00007ffc742c0000 - 0x00007ffc742d6000 	D:\Java\jdk1.8.0_201\jre\bin\zip.dll
0x00007ffc82c60000 - 0x00007ffc84154000 	C:\WINDOWS\System32\SHELL32.dll
0x00007ffc82110000 - 0x00007ffc821b8000 	C:\WINDOWS\System32\shcore.dll
0x00007ffc80dc0000 - 0x00007ffc8150d000 	C:\WINDOWS\System32\windows.storage.dll
0x00007ffc802e0000 - 0x00007ffc80304000 	C:\WINDOWS\System32\profapi.dll
0x00007ffc80350000 - 0x00007ffc803ad000 	C:\WINDOWS\System32\powrprof.dll
0x00007ffc821d0000 - 0x00007ffc82222000 	C:\WINDOWS\System32\shlwapi.dll
0x00007ffc80330000 - 0x00007ffc80341000 	C:\WINDOWS\System32\kernel.appcore.dll
0x00007ffc80940000 - 0x00007ffc80957000 	C:\WINDOWS\System32\cryptsp.dll
0x00007ffc7e390000 - 0x00007ffc7e399000 	D:\Java\jdk1.8.0_201\jre\bin\dt_socket.dll
0x00007ffc7fb50000 - 0x00007ffc7fbb7000 	C:\WINDOWS\system32\mswsock.dll
0x00007ffc7f6d0000 - 0x00007ffc7f703000 	C:\WINDOWS\system32\rsaenh.dll
0x00007ffc80400000 - 0x00007ffc80426000 	C:\WINDOWS\System32\bcrypt.dll
0x00007ffc80210000 - 0x00007ffc80238000 	C:\WINDOWS\SYSTEM32\USERENV.dll
0x00007ffc7fd20000 - 0x00007ffc7fd2c000 	C:\WINDOWS\SYSTEM32\CRYPTBASE.dll
0x00007ffc4a860000 - 0x00007ffc4a87a000 	D:\Java\jdk1.8.0_201\jre\bin\net.dll
0x00007ffc70840000 - 0x00007ffc70a17000 	C:\WINDOWS\SYSTEM32\urlmon.dll
0x00007ffc710b0000 - 0x00007ffc71358000 	C:\WINDOWS\SYSTEM32\iertutil.dll
0x00007ffc7f870000 - 0x00007ffc7f8ad000 	C:\WINDOWS\SYSTEM32\IPHLPAPI.DLL
0x00007ffc81c80000 - 0x00007ffc81c88000 	C:\WINDOWS\System32\NSI.dll
0x00007ffc73150000 - 0x00007ffc73166000 	C:\WINDOWS\SYSTEM32\dhcpcsvc6.DLL
0x00007ffc73060000 - 0x00007ffc7307c000 	C:\WINDOWS\SYSTEM32\dhcpcsvc.DLL
0x00007ffc7f8b0000 - 0x00007ffc7f976000 	C:\WINDOWS\SYSTEM32\DNSAPI.dll
0x00007ffc468d0000 - 0x00007ffc468e1000 	D:\Java\jdk1.8.0_201\jre\bin\nio.dll
0x00007ffc7e4c0000 - 0x00007ffc7e4cd000 	D:\Java\jdk1.8.0_201\jre\bin\management.dll
0x00007ffc3cc80000 - 0x00007ffc3cc96000 	C:\WINDOWS\system32\napinsp.dll
0x00007ffc3cc60000 - 0x00007ffc3cc7a000 	C:\WINDOWS\system32\pnrpnsp.dll
0x00007ffc59bb0000 - 0x00007ffc59bbe000 	C:\WINDOWS\System32\winrnr.dll
0x00007ffc7c950000 - 0x00007ffc7c96b000 	C:\WINDOWS\system32\NLAapi.dll
0x00007ffc75c90000 - 0x00007ffc75ca5000 	C:\WINDOWS\system32\wshbth.dll
0x0000000061040000 - 0x0000000061066000 	C:\Program Files\Bonjour\mdnsNSP.dll
0x00007ffc6b770000 - 0x00007ffc6b77a000 	C:\Windows\System32\rasadhlp.dll
0x00007ffc6cdd0000 - 0x00007ffc6ce49000 	C:\WINDOWS\System32\fwpuclnt.dll

VM Arguments:
jvm_args: -agentlib:jdwp=transport=dt_socket,address=127.0.0.1:8830,suspend=y,server=n -ea -Didea.test.cyclic.buffer.size=1048576 -javaagent:C:\Users\Administrator\.IntelliJIdea2018.3\system\captureAgent\debugger-agent.jar -Dfile.encoding=UTF-8 
java_command: com.intellij.rt.execution.junit.JUnitStarter -ideVersion5 -junit4 com.liziwei.orderonline.mapper.OrderMapperTest,addOrder
java_class_path (initial): D:\apps\idea\IntelliJ IDEA 2018.3.5\lib\idea_rt.jar;D:\apps\idea\IntelliJ IDEA 2018.3.5\plugins\junit\lib\junit-rt.jar;D:\apps\idea\IntelliJ IDEA 2018.3.5\plugins\junit\lib\junit5-rt.jar;D:\Java\jdk1.8.0_201\jre\lib\charsets.jar;D:\Java\jdk1.8.0_201\jre\lib\deploy.jar;D:\Java\jdk1.8.0_201\jre\lib\ext\access-bridge-64.jar;D:\Java\jdk1.8.0_201\jre\lib\ext\cldrdata.jar;D:\Java\jdk1.8.0_201\jre\lib\ext\dnsns.jar;D:\Java\jdk1.8.0_201\jre\lib\ext\jaccess.jar;D:\Java\jdk1.8.0_201\jre\lib\ext\jfxrt.jar;D:\Java\jdk1.8.0_201\jre\lib\ext\localedata.jar;D:\Java\jdk1.8.0_201\jre\lib\ext\nashorn.jar;D:\Java\jdk1.8.0_201\jre\lib\ext\sunec.jar;D:\Java\jdk1.8.0_201\jre\lib\ext\sunjce_provider.jar;D:\Java\jdk1.8.0_201\jre\lib\ext\sunmscapi.jar;D:\Java\jdk1.8.0_201\jre\lib\ext\sunpkcs11.jar;D:\Java\jdk1.8.0_201\jre\lib\ext\zipfs.jar;D:\Java\jdk1.8.0_201\jre\lib\javaws.jar;D:\Java\jdk1.8.0_201\jre\lib\jce.jar;D:\Java\jdk1.8.0_201\jre\lib\jfr.jar;D:\Java\jdk1.8.0_201\jre\lib\jfxswt.jar;D:\Java\jdk1.8.0_201\jre\lib\jsse.jar;D:\Java\jdk1.8.0_201\jre\lib\management-agent.jar;D:\Java\jdk1.8.0_201\jre\lib\plugin.jar;D:\Java\jdk1.8.0_201\jre\lib\resources.jar;D:\Java\jdk1.8.0_201\jre\lib\rt.jar;D:\Works\liziwei\target\test-classes;D:\Works\liziwei\target\classes;D:\Maven\repository\org\springframework\boot\spring-boot-starter-jdbc\2.2.2.RELEASE\spring-boot-starter-jdbc-2.2.2.RELEASE.jar;D:\Maven\repository\org\springframework\boot\spring-boot-starter\2.2.2.RELEASE\spring-boot-starter-2.2.2.RELEASE.jar;D:\Maven\repository\org\springframework\boot\spring-boot-starter-logging\2.2.2.RELEASE\spring-boot-starter-logging-2.2.2.RELEASE.jar;D:\Maven\repository\ch\qos\logback\logback-classic\1.2.3\logback-classic-1.2.3.jar;D:\Maven\repository\ch\qos\logback\logback-core\1.2.3\logback-core-1.2.3.jar;D:\Maven\repository\org\apache\logging\log4j\log4j-to-slf4j\2.12.1\log4j-to-slf4j-2.12.1.jar;D:\Maven\repository\org\apache\logging\log4j\log4j-api\2.12.1\log4j-api-2.12.1.jar;D:
Launcher Type: SUN_STANDARD

Environment Variables:
JAVA_HOME=D:\Java\jdk1.8.0_201
JRE_HOME=D:\Java\jdk1.8.0_201\jre
PATH=C:\ProgramData\DockerDesktop\version-bin;C:\Program Files\Docker\Docker\Resources\bin;D:\Java\jdk1.8.0_201\bin;C:\Program Files (x86)\Common Files\Oracle\Java\javapath;C:\WINDOWS\system32;C:\WINDOWS;C:\WINDOWS\System32\Wbem;C:\WINDOWS\System32\WindowsPowerShell\v1.0\;D:\Maven\apache-maven-3.6.0\bin;D:\Tomcat\apache-tomcat-7.0.93\lib;C:\WINDOWS\System32\OpenSSH\;D:\SVN\bin;D:\apps\Calibre\;D:\Git\cmd;D:\apps\nodejs\;D:\hadoop-2.7.7\bin;D:\hadoop-2.7.7\sbin;D:\zookeeper-3.4.14\bin;D:\apps\cmder_mini\bin;D:\Go\bin;C:\Users\Administrator\AppData\Local\Microsoft\WindowsApps;;D:\apps\IntelliJ IDEA 2018.3.5\bin;;C:\Users\Administrator\AppData\Roaming\npm;C:\Users\Administrator\go\bin;D:\Microsoft VS Code\bin
USERNAME=Administrator
OS=Windows_NT
PROCESSOR_IDENTIFIER=Intel64 Family 6 Model 142 Stepping 9, GenuineIntel



---------------  S Y S T E M  ---------------

OS: Windows 10.0 , 64 bit Build 17763 (10.0.17763.475)

CPU:total 4 (initial active 4) (2 cores per cpu, 2 threads per core) family 6 model 142 stepping 9, cmov, cx8, fxsr, mmx, sse, sse2, sse3, ssse3, sse4.1, sse4.2, popcnt, avx, avx2, aes, clmul, erms, 3dnowpref, lzcnt, ht, tsc, tscinvbit, bmi1, bmi2, adx

Memory: 4k page, physical 8295652k(1460144k free), swap 8295652k(5744k free)

vm_info: Java HotSpot(TM) 64-Bit Server VM (25.201-b09) for windows-amd64 JRE (1.8.0_201-b09), built on Dec 15 2018 18:36:39 by "java_re" with MS VC++ 10.0 (VS2010)

time: Thu Feb 27 00:45:54 2020
timezone: 中国标准时间
elapsed time: 3 seconds (0d 0h 0m 3s)

