#
# There is insufficient memory for the Java Runtime Environment to continue.
# Native memory allocation (malloc) failed to allocate 1353872 bytes for Chunk::new
# Possible reasons:
#   The system is out of physical RAM or swap space
#   The process is running with CompressedOops enabled, and the Java Heap may be blocking the growth of the native heap
# Possible solutions:
#   Reduce memory load on the system
#   Increase physical memory or swap space
#   Check if swap backing store is full
#   Decrease Java heap size (-Xmx/-Xms)
#   Decrease number of Java threads
#   Decrease Java thread stack sizes (-Xss)
#   Set larger code cache with -XX:ReservedCodeCacheSize=
#   JVM is running with Unscaled Compressed Oops mode in which the Java heap is
#     placed in the first 4GB address space. The Java Heap base address is the
#     maximum limit for the native heap growth. Please use -XX:HeapBaseMinAddress
#     to set the Java Heap base and to place the Java Heap above 4GB virtual address.
# This output file may be truncated or incomplete.
#
#  Out of Memory Error (allocation.cpp:390), pid=10520, tid=0x0000000000001210
#
# JRE version: Java(TM) SE Runtime Environment (8.0_201-b09) (build 1.8.0_201-b09)
# Java VM: Java HotSpot(TM) 64-Bit Server VM (25.201-b09 mixed mode windows-amd64 compressed oops)
# Failed to write core dump. Minidumps are not enabled by default on client versions of Windows
#

---------------  T H R E A D  ---------------

Current thread (0x0000000017ee9000):  JavaThread "C2 CompilerThread1" daemon [_thread_in_native, id=4624, stack(0x0000000019a10000,0x0000000019b10000)]

Stack: [0x0000000019a10000,0x0000000019b10000]
[error occurred during error reporting (printing stack bounds), id 0xc0000005]

Native frames: (J=compiled Java code, j=interpreted, Vv=VM code, C=native code)


Current CompileTask:
C2:  10184 3649       4       org.springframework.core.annotation.AnnotationsScanner::processMethodHierarchy (274 bytes)


---------------  P R O C E S S  ---------------

Java Threads: ( => current thread )
  0x00000000207cf800 JavaThread "mysql-cj-abandoned-connection-cleanup" daemon [_thread_blocked, id=8068, stack(0x000000001fc90000,0x000000001fd90000)]
  0x00000000192ae000 JavaThread "Service Thread" daemon [_thread_blocked, id=7156, stack(0x0000000019c10000,0x0000000019d10000)]
  0x0000000019295000 JavaThread "C1 CompilerThread2" daemon [_thread_blocked, id=11328, stack(0x0000000019b10000,0x0000000019c10000)]
=>0x0000000017ee9000 JavaThread "C2 CompilerThread1" daemon [_thread_in_native, id=4624, stack(0x0000000019a10000,0x0000000019b10000)]
  0x0000000017ee3000 JavaThread "C2 CompilerThread0" daemon [_thread_in_native, id=1284, stack(0x0000000019910000,0x0000000019a10000)]
  0x0000000017ede000 JavaThread "Monitor Ctrl-Break" daemon [_thread_in_native, id=9100, stack(0x0000000019810000,0x0000000019910000)]
  0x0000000019253800 JavaThread "Attach Listener" daemon [_thread_blocked, id=10220, stack(0x0000000019710000,0x0000000019810000)]
  0x0000000017eb7000 JavaThread "Signal Dispatcher" daemon [_thread_blocked, id=216, stack(0x0000000019610000,0x0000000019710000)]
  0x000000000323c000 JavaThread "Finalizer" daemon [_thread_blocked, id=11452, stack(0x0000000019110000,0x0000000019210000)]
  0x0000000017e8a000 JavaThread "Reference Handler" daemon [_thread_blocked, id=11084, stack(0x0000000019010000,0x0000000019110000)]
  0x0000000003147800 JavaThread "main" [_thread_in_Java, id=12332, stack(0x0000000002fa0000,0x00000000030a0000)]

Other Threads:
  0x0000000017e67000 VMThread [stack: 0x0000000018f10000,0x0000000019010000] [id=12548]
  0x0000000019301000 WatcherThread [stack: 0x0000000019d10000,0x0000000019e10000] [id=8908]

VM state:not at safepoint (normal execution)

VM Mutex/Monitor currently owned by a thread: None

heap address: 0x0000000081600000, size: 2026 MB, Compressed Oops mode: 32-bit
Narrow klass base: 0x0000000000000000, Narrow klass shift: 3
Compressed class space size: 1073741824 Address: 0x0000000100000000

Heap:
 PSYoungGen      total 205824K, used 145555K [0x00000000d5d00000, 0x00000000e5800000, 0x0000000100000000)
  eden space 195584K, 74% used [0x00000000d5d00000,0x00000000deb24d48,0x00000000e1c00000)
  from space 10240K, 0% used [0x00000000e2580000,0x00000000e2580000,0x00000000e2f80000)
  to   space 9728K, 0% used [0x00000000e1c00000,0x00000000e1c00000,0x00000000e2580000)
 ParOldGen       total 65536K, used 10637K [0x0000000081600000, 0x0000000085600000, 0x00000000d5d00000)
  object space 65536K, 16% used [0x0000000081600000,0x00000000820634d0,0x0000000085600000)
 Metaspace       used 37247K, capacity 39742K, committed 40064K, reserved 1083392K
  class space    used 4995K, capacity 5425K, committed 5504K, reserved 1048576K

Card table byte_map: [0x0000000012700000,0x0000000012b00000] byte_map_base: 0x00000000122f5000

Marking Bits: (ParMarkBitMap*) 0x000000005fe14ce0
 Begin Bits: [0x00000000131b0000, 0x0000000015158000)
 End Bits:   [0x0000000015158000, 0x0000000017100000)

Polling page: 0x0000000001000000

CodeCache: size=245760Kb used=12958Kb max_used=12958Kb free=232801Kb
 bounds [0x0000000003340000, 0x0000000004000000, 0x0000000012340000]
 total_blobs=4035 nmethods=3605 adapters=342
 compilation: enabled

Compilation events (10 events):
Event: 10.174 Thread 0x0000000019295000 nmethod 3833 0x0000000003fe7d10 code [0x0000000003fe7e60, 0x0000000003fe7f70]
Event: 10.177 Thread 0x0000000019295000 3834   !   3       java.beans.PropertyDescriptor::<init> (347 bytes)
Event: 10.181 Thread 0x0000000019295000 nmethod 3834 0x0000000003fe7fd0 code [0x0000000003fe8560, 0x0000000003fec3f8]
Event: 10.181 Thread 0x0000000019295000 3835       3       sun.reflect.generics.reflectiveObjects.ParameterizedTypeImpl::equals (81 bytes)
Event: 10.182 Thread 0x0000000019295000 nmethod 3835 0x0000000003feec10 code [0x0000000003feee00, 0x0000000003fef9e8]
Event: 10.182 Thread 0x0000000019295000 3836   !   3       org.springframework.core.$Proxy34::getRawType (29 bytes)
Event: 10.182 Thread 0x0000000019295000 nmethod 3836 0x0000000003fefc90 code [0x0000000003fefe20, 0x0000000003ff0278]
Event: 10.183 Thread 0x0000000019295000 3837       1       org.springframework.transaction.interceptor.BeanFactoryTransactionAttributeSourceAdvisor::getPointcut (5 bytes)
Event: 10.183 Thread 0x0000000019295000 nmethod 3837 0x0000000003ff0450 code [0x0000000003ff05a0, 0x0000000003ff06b0]
Event: 10.183 Thread 0x0000000019295000 3839       3       org.springframework.util.ReflectionUtils::getAllDeclaredMethods (38 bytes)

GC Heap History (10 events):
Event: 5.043 GC heap before
{Heap before GC invocations=6 (full 1):
 PSYoungGen      total 71680K, used 5106K [0x00000000d5d00000, 0x00000000def00000, 0x0000000100000000)
  eden space 66560K, 0% used [0x00000000d5d00000,0x00000000d5d00000,0x00000000d9e00000)
  from space 5120K, 99% used [0x00000000d9e00000,0x00000000da2fc9a0,0x00000000da300000)
  to   space 8192K, 0% used [0x00000000de700000,0x00000000de700000,0x00000000def00000)
 ParOldGen       total 87552K, used 5451K [0x0000000081600000, 0x0000000086b80000, 0x00000000d5d00000)
  object space 87552K, 6% used [0x0000000081600000,0x0000000081b52de8,0x0000000086b80000)
 Metaspace       used 19808K, capacity 21104K, committed 21248K, reserved 1067008K
  class space    used 2691K, capacity 2956K, committed 3072K, reserved 1048576K
Event: 5.106 GC heap after
Heap after GC invocations=6 (full 1):
 PSYoungGen      total 71680K, used 0K [0x00000000d5d00000, 0x00000000def00000, 0x0000000100000000)
  eden space 66560K, 0% used [0x00000000d5d00000,0x00000000d5d00000,0x00000000d9e00000)
  from space 5120K, 0% used [0x00000000d9e00000,0x00000000d9e00000,0x00000000da300000)
  to   space 8192K, 0% used [0x00000000de700000,0x00000000de700000,0x00000000def00000)
 ParOldGen       total 50176K, used 6136K [0x0000000081600000, 0x0000000084700000, 0x00000000d5d00000)
  object space 50176K, 12% used [0x0000000081600000,0x0000000081bfe308,0x0000000084700000)
 Metaspace       used 19808K, capacity 21104K, committed 21248K, reserved 1067008K
  class space    used 2691K, capacity 2956K, committed 3072K, reserved 1048576K
}
Event: 6.497 GC heap before
{Heap before GC invocations=7 (full 1):
 PSYoungGen      total 71680K, used 66560K [0x00000000d5d00000, 0x00000000def00000, 0x0000000100000000)
  eden space 66560K, 100% used [0x00000000d5d00000,0x00000000d9e00000,0x00000000d9e00000)
  from space 5120K, 0% used [0x00000000d9e00000,0x00000000d9e00000,0x00000000da300000)
  to   space 8192K, 0% used [0x00000000de700000,0x00000000de700000,0x00000000def00000)
 ParOldGen       total 50176K, used 6136K [0x0000000081600000, 0x0000000084700000, 0x00000000d5d00000)
  object space 50176K, 12% used [0x0000000081600000,0x0000000081bfe308,0x0000000084700000)
 Metaspace       used 25479K, capacity 26964K, committed 27136K, reserved 1073152K
  class space    used 3423K, capacity 3726K, committed 3840K, reserved 1048576K
Event: 6.525 GC heap after
Heap after GC invocations=7 (full 1):
 PSYoungGen      total 123392K, used 7343K [0x00000000d5d00000, 0x00000000dee80000, 0x0000000100000000)
  eden space 115712K, 0% used [0x00000000d5d00000,0x00000000d5d00000,0x00000000dce00000)
  from space 7680K, 95% used [0x00000000de700000,0x00000000dee2bd58,0x00000000dee80000)
  to   space 8192K, 0% used [0x00000000dde80000,0x00000000dde80000,0x00000000de680000)
 ParOldGen       total 50176K, used 6136K [0x0000000081600000, 0x0000000084700000, 0x00000000d5d00000)
  object space 50176K, 12% used [0x0000000081600000,0x0000000081bfe308,0x0000000084700000)
 Metaspace       used 25479K, capacity 26964K, committed 27136K, reserved 1073152K
  class space    used 3423K, capacity 3726K, committed 3840K, reserved 1048576K
}
Event: 8.610 GC heap before
{Heap before GC invocations=8 (full 1):
 PSYoungGen      total 123392K, used 123055K [0x00000000d5d00000, 0x00000000dee80000, 0x0000000100000000)
  eden space 115712K, 100% used [0x00000000d5d00000,0x00000000dce00000,0x00000000dce00000)
  from space 7680K, 95% used [0x00000000de700000,0x00000000dee2bd58,0x00000000dee80000)
  to   space 8192K, 0% used [0x00000000dde80000,0x00000000dde80000,0x00000000de680000)
 ParOldGen       total 50176K, used 6136K [0x0000000081600000, 0x0000000084700000, 0x00000000d5d00000)
  object space 50176K, 12% used [0x0000000081600000,0x0000000081bfe308,0x0000000084700000)
 Metaspace       used 33244K, capacity 35092K, committed 35328K, reserved 1079296K
  class space    used 4446K, capacity 4814K, committed 4864K, reserved 1048576K
Event: 8.621 GC heap after
Heap after GC invocations=8 (full 1):
 PSYoungGen      total 140800K, used 8188K [0x00000000d5d00000, 0x00000000e2f80000, 0x0000000100000000)
  eden space 132608K, 0% used [0x00000000d5d00000,0x00000000d5d00000,0x00000000dde80000)
  from space 8192K, 99% used [0x00000000dde80000,0x00000000de67f2f0,0x00000000de680000)
  to   space 10240K, 0% used [0x00000000e2580000,0x00000000e2580000,0x00000000e2f80000)
 ParOldGen       total 50176K, used 8150K [0x0000000081600000, 0x0000000084700000, 0x00000000d5d00000)
  object space 50176K, 16% used [0x0000000081600000,0x0000000081df5ad8,0x0000000084700000)
 Metaspace       used 33244K, capacity 35092K, committed 35328K, reserved 1079296K
  class space    used 4446K, capacity 4814K, committed 4864K, reserved 1048576K
}
Event: 8.677 GC heap before
{Heap before GC invocations=9 (full 1):
 PSYoungGen      total 140800K, used 12233K [0x00000000d5d00000, 0x00000000e2f80000, 0x0000000100000000)
  eden space 132608K, 3% used [0x00000000d5d00000,0x00000000d60f3478,0x00000000dde80000)
  from space 8192K, 99% used [0x00000000dde80000,0x00000000de67f2f0,0x00000000de680000)
  to   space 10240K, 0% used [0x00000000e2580000,0x00000000e2580000,0x00000000e2f80000)
 ParOldGen       total 50176K, used 8150K [0x0000000081600000, 0x0000000084700000, 0x00000000d5d00000)
  object space 50176K, 16% used [0x0000000081600000,0x0000000081df5ad8,0x0000000084700000)
 Metaspace       used 33509K, capacity 35284K, committed 35416K, reserved 1079296K
  class space    used 4474K, capacity 4814K, committed 4864K, reserved 1048576K
Event: 8.684 GC heap after
Heap after GC invocations=9 (full 1):
 PSYoungGen      total 205824K, used 5585K [0x00000000d5d00000, 0x00000000e5800000, 0x0000000100000000)
  eden space 195584K, 0% used [0x00000000d5d00000,0x00000000d5d00000,0x00000000e1c00000)
  from space 10240K, 54% used [0x00000000e2580000,0x00000000e2af4480,0x00000000e2f80000)
  to   space 9728K, 0% used [0x00000000e1c00000,0x00000000e1c00000,0x00000000e2580000)
 ParOldGen       total 50176K, used 8158K [0x0000000081600000, 0x0000000084700000, 0x00000000d5d00000)
  object space 50176K, 16% used [0x0000000081600000,0x0000000081df7ad8,0x0000000084700000)
 Metaspace       used 33509K, capacity 35284K, committed 35416K, reserved 1079296K
  class space    used 4474K, capacity 4814K, committed 4864K, reserved 1048576K
}
Event: 8.684 GC heap before
{Heap before GC invocations=10 (full 2):
 PSYoungGen      total 205824K, used 5585K [0x00000000d5d00000, 0x00000000e5800000, 0x0000000100000000)
  eden space 195584K, 0% used [0x00000000d5d00000,0x00000000d5d00000,0x00000000e1c00000)
  from space 10240K, 54% used [0x00000000e2580000,0x00000000e2af4480,0x00000000e2f80000)
  to   space 9728K, 0% used [0x00000000e1c00000,0x00000000e1c00000,0x00000000e2580000)
 ParOldGen       total 50176K, used 8158K [0x0000000081600000, 0x0000000084700000, 0x00000000d5d00000)
  object space 50176K, 16% used [0x0000000081600000,0x0000000081df7ad8,0x0000000084700000)
 Metaspace       used 33509K, capacity 35284K, committed 35416K, reserved 1079296K
  class space    used 4474K, capacity 4814K, committed 4864K, reserved 1048576K
Event: 8.752 GC heap after
Heap after GC invocations=10 (full 2):
 PSYoungGen      total 205824K, used 0K [0x00000000d5d00000, 0x00000000e5800000, 0x0000000100000000)
  eden space 195584K, 0% used [0x00000000d5d00000,0x00000000d5d00000,0x00000000e1c00000)
  from space 10240K, 0% used [0x00000000e2580000,0x00000000e2580000,0x00000000e2f80000)
  to   space 9728K, 0% used [0x00000000e1c00000,0x00000000e1c00000,0x00000000e2580000)
 ParOldGen       total 65536K, used 10637K [0x0000000081600000, 0x0000000085600000, 0x00000000d5d00000)
  object space 65536K, 16% used [0x0000000081600000,0x00000000820634d0,0x0000000085600000)
 Metaspace       used 33509K, capacity 35284K, committed 35416K, reserved 1079296K
  class space    used 4474K, capacity 4814K, committed 4864K, reserved 1048576K
}

Deoptimization events (10 events):
Event: 8.873 Thread 0x0000000003147800 Uncommon trap: reason=class_check action=maybe_recompile pc=0x0000000003da43a8 method=org.springframework.beans.factory.support.AbstractBeanFactory.isTypeMatch(Ljava/lang/String;Lorg/springframework/core/ResolvableType;Z)Z @ 53
Event: 8.879 Thread 0x0000000003147800 Uncommon trap: reason=class_check action=maybe_recompile pc=0x0000000003da43a8 method=org.springframework.beans.factory.support.AbstractBeanFactory.isTypeMatch(Ljava/lang/String;Lorg/springframework/core/ResolvableType;Z)Z @ 53
Event: 8.957 Thread 0x0000000003147800 Uncommon trap: reason=unstable_if action=reinterpret pc=0x0000000003903a9c method=java.io.WinNTFileSystem.isLetter(C)Z @ 3
Event: 9.215 Thread 0x0000000003147800 Uncommon trap: reason=unstable_if action=reinterpret pc=0x0000000003d933fc method=java.lang.reflect.Method.equals(Ljava/lang/Object;)Z @ 49
Event: 9.215 Thread 0x0000000003147800 Uncommon trap: reason=unstable_if action=reinterpret pc=0x0000000003d94170 method=java.lang.Class.searchMethods([Ljava/lang/reflect/Method;Ljava/lang/String;[Ljava/lang/Class;)Ljava/lang/reflect/Method; @ 47
Event: 9.491 Thread 0x0000000003147800 Uncommon trap: reason=unstable_if action=reinterpret pc=0x0000000003e6cae8 method=java.util.concurrent.ConcurrentHashMap.putVal(Ljava/lang/Object;Ljava/lang/Object;Z)Ljava/lang/Object; @ 331
Event: 9.492 Thread 0x0000000003147800 Uncommon trap: reason=unstable_if action=reinterpret pc=0x0000000003e20260 method=java.util.concurrent.ConcurrentHashMap.get(Ljava/lang/Object;)Ljava/lang/Object; @ 86
Event: 9.533 Thread 0x0000000003147800 Uncommon trap: reason=unstable_if action=reinterpret pc=0x0000000003ea6a58 method=org.springframework.beans.factory.support.AbstractBeanFactory.isTypeMatch(Ljava/lang/String;Lorg/springframework/core/ResolvableType;Z)Z @ 559
Event: 9.606 Thread 0x0000000003147800 Uncommon trap: reason=unstable_if action=reinterpret pc=0x00000000038b8298 method=java.util.concurrent.ConcurrentHashMap.transfer([Ljava/util/concurrent/ConcurrentHashMap$Node;[Ljava/util/concurrent/ConcurrentHashMap$Node;)V @ 356
Event: 9.938 Thread 0x0000000003147800 Uncommon trap: reason=unstable_if action=reinterpret pc=0x0000000003e628ac method=org.springframework.core.annotation.AnnotationsScanner.isWithoutHierarchy(Ljava/lang/reflect/AnnotatedElement;Lorg/springframework/core/annotation/MergedAnnotations$SearchSt

Classes redefined (0 events):
No events

Internal exceptions (10 events):
Event: 10.137 Thread 0x0000000003147800 Exception <a 'java/lang/ClassNotFoundException': org/springframework/boot/autoconfigure/thymeleaf/ThymeleafAutoConfiguration$ThymeleafDefaultConfigurationCustomizer> (0x00000000de4e1060) thrown at [C:\re\workspace\8-2-build-windows-amd64-cygwin\jdk8u201\1
Event: 10.165 Thread 0x0000000003147800 Exception <a 'java/lang/ClassNotFoundException': java/lang/ObjectCustomizer> (0x00000000de6613c8) thrown at [C:\re\workspace\8-2-build-windows-amd64-cygwin\jdk8u201\12322\hotspot\src\share\vm\classfile\systemDictionary.cpp, line 210]
Event: 10.166 Thread 0x0000000003147800 Exception <a 'java/lang/ClassNotFoundException': org/springframework/boot/autoconfigure/thymeleaf/ThymeleafAutoConfiguration$DefaultTemplateResolverConfigurationCustomizer> (0x00000000de69b268) thrown at [C:\re\workspace\8-2-build-windows-amd64-cygwin\jdk
Event: 10.174 Thread 0x0000000003147800 Exception <a 'java/lang/ClassNotFoundException': java/lang/ObjectCustomizer> (0x00000000de704e48) thrown at [C:\re\workspace\8-2-build-windows-amd64-cygwin\jdk8u201\12322\hotspot\src\share\vm\classfile\systemDictionary.cpp, line 210]
Event: 10.175 Thread 0x0000000003147800 Exception <a 'java/lang/ClassNotFoundException': org/thymeleaf/templateresolver/AbstractTemplateResolverCustomizer> (0x00000000de72a270) thrown at [C:\re\workspace\8-2-build-windows-amd64-cygwin\jdk8u201\12322\hotspot\src\share\vm\classfile\systemDictiona
Event: 10.176 Thread 0x0000000003147800 Exception <a 'java/lang/ClassNotFoundException': org/thymeleaf/templateresolver/AbstractConfigurableTemplateResolverCustomizer> (0x00000000de763868) thrown at [C:\re\workspace\8-2-build-windows-amd64-cygwin\jdk8u201\12322\hotspot\src\share\vm\classfile\sy
Event: 10.179 Thread 0x0000000003147800 Exception <a 'java/lang/ClassNotFoundException': org/thymeleaf/spring5/templateresolver/SpringResourceTemplateResolverCustomizer> (0x00000000de7f9a68) thrown at [C:\re\workspace\8-2-build-windows-amd64-cygwin\jdk8u201\12322\hotspot\src\share\vm\classfile\
Event: 10.180 Thread 0x0000000003147800 Exception <a 'java/lang/ClassNotFoundException': org/springframework/context/ApplicationContextAwareCustomizer> (0x00000000de860050) thrown at [C:\re\workspace\8-2-build-windows-amd64-cygwin\jdk8u201\12322\hotspot\src\share\vm\classfile\systemDictionary.c
Event: 10.181 Thread 0x0000000003147800 Exception <a 'java/lang/ClassNotFoundException': org/springframework/beans/factory/AwareCustomizer> (0x00000000de87d5c0) thrown at [C:\re\workspace\8-2-build-windows-amd64-cygwin\jdk8u201\12322\hotspot\src\share\vm\classfile\systemDictionary.cpp, line 210
Event: 10.182 Thread 0x0000000003147800 Exception <a 'java/lang/ClassNotFoundException': org/thymeleaf/templateresolver/ITemplateResolverCustomizer> (0x00000000de89c438) thrown at [C:\re\workspace\8-2-build-windows-amd64-cygwin\jdk8u201\12322\hotspot\src\share\vm\classfile\systemDictionary.cpp,

Events (10 events):
Event: 10.181 loading class org/springframework/beans/factory/AwareCustomizer
Event: 10.181 loading class org/springframework/beans/factory/AwareCustomizer done
Event: 10.181 loading class org/springframework/beans/factory/AwareCustomizer
Event: 10.181 loading class org/springframework/beans/factory/AwareCustomizer done
Event: 10.181 loading class org/thymeleaf/templateresolver/ITemplateResolverCustomizer
Event: 10.181 loading class org/thymeleaf/templateresolver/ITemplateResolverCustomizer done
Event: 10.181 loading class org/thymeleaf/templateresolver/ITemplateResolverCustomizer
Event: 10.181 loading class org/thymeleaf/templateresolver/ITemplateResolverCustomizer done
Event: 10.182 loading class org/thymeleaf/templateresolver/ITemplateResolverCustomizer
Event: 10.182 loading class org/thymeleaf/templateresolver/ITemplateResolverCustomizer done


Dynamic libraries:
0x00007ff65c130000 - 0x00007ff65c167000 	D:\Java\jdk1.8.0_201\bin\java.exe
0x00007ffc842f0000 - 0x00007ffc844dd000 	C:\WINDOWS\SYSTEM32\ntdll.dll
0x00007ffc81e30000 - 0x00007ffc81ee3000 	C:\WINDOWS\System32\KERNEL32.DLL
0x00007ffc80680000 - 0x00007ffc80913000 	C:\WINDOWS\System32\KERNELBASE.dll
0x00007ffc82030000 - 0x00007ffc820d3000 	C:\WINDOWS\System32\ADVAPI32.dll
0x00007ffc81890000 - 0x00007ffc8192e000 	C:\WINDOWS\System32\msvcrt.dll
0x00007ffc81c90000 - 0x00007ffc81d2e000 	C:\WINDOWS\System32\sechost.dll
0x00007ffc81530000 - 0x00007ffc81652000 	C:\WINDOWS\System32\RPCRT4.dll
0x00007ffc81ae0000 - 0x00007ffc81c77000 	C:\WINDOWS\System32\USER32.dll
0x00007ffc80920000 - 0x00007ffc80940000 	C:\WINDOWS\System32\win32u.dll
0x00007ffc820e0000 - 0x00007ffc82109000 	C:\WINDOWS\System32\GDI32.dll
0x00007ffc80960000 - 0x00007ffc80af9000 	C:\WINDOWS\System32\gdi32full.dll
0x00007ffc805e0000 - 0x00007ffc80680000 	C:\WINDOWS\System32\msvcp_win.dll
0x00007ffc80430000 - 0x00007ffc8052a000 	C:\WINDOWS\System32\ucrtbase.dll
0x00007ffc6ec00000 - 0x00007ffc6ee79000 	C:\WINDOWS\WinSxS\amd64_microsoft.windows.common-controls_6595b64144ccf1df_6.0.17763.864_none_05b3441807210760\COMCTL32.dll
0x00007ffc82930000 - 0x00007ffc82c5c000 	C:\WINDOWS\System32\combase.dll
0x00007ffc80ce0000 - 0x00007ffc80d5e000 	C:\WINDOWS\System32\bcryptPrimitives.dll
0x00007ffc82850000 - 0x00007ffc8287e000 	C:\WINDOWS\System32\IMM32.DLL
0x000000005fea0000 - 0x000000005ff71000 	D:\Java\jdk1.8.0_201\jre\bin\msvcr100.dll
0x000000005f5f0000 - 0x000000005fe94000 	D:\Java\jdk1.8.0_201\jre\bin\server\jvm.dll
0x00007ffc821c0000 - 0x00007ffc821c8000 	C:\WINDOWS\System32\PSAPI.DLL
0x00007ffc67100000 - 0x00007ffc67109000 	C:\WINDOWS\SYSTEM32\WSOCK32.dll
0x00007ffc827e0000 - 0x00007ffc8284d000 	C:\WINDOWS\System32\WS2_32.dll
0x00007ffc7e340000 - 0x00007ffc7e364000 	C:\WINDOWS\SYSTEM32\WINMM.dll
0x00007ffc73200000 - 0x00007ffc7320a000 	C:\WINDOWS\SYSTEM32\VERSION.dll
0x00007ffc7e300000 - 0x00007ffc7e32d000 	C:\WINDOWS\SYSTEM32\WINMMBASE.dll
0x00007ffc803b0000 - 0x00007ffc803fa000 	C:\WINDOWS\System32\cfgmgr32.dll
0x00007ffc77310000 - 0x00007ffc7731f000 	D:\Java\jdk1.8.0_201\jre\bin\verify.dll
0x00007ffc742e0000 - 0x00007ffc74309000 	D:\Java\jdk1.8.0_201\jre\bin\java.dll
0x00007ffc77670000 - 0x00007ffc77693000 	D:\Java\jdk1.8.0_201\jre\bin\instrument.dll
0x00007ffc742c0000 - 0x00007ffc742d6000 	D:\Java\jdk1.8.0_201\jre\bin\zip.dll
0x00007ffc82c60000 - 0x00007ffc84154000 	C:\WINDOWS\System32\SHELL32.dll
0x00007ffc82110000 - 0x00007ffc821b8000 	C:\WINDOWS\System32\shcore.dll
0x00007ffc80dc0000 - 0x00007ffc8150d000 	C:\WINDOWS\System32\windows.storage.dll
0x00007ffc802e0000 - 0x00007ffc80304000 	C:\WINDOWS\System32\profapi.dll
0x00007ffc80350000 - 0x00007ffc803ad000 	C:\WINDOWS\System32\powrprof.dll
0x00007ffc821d0000 - 0x00007ffc82222000 	C:\WINDOWS\System32\shlwapi.dll
0x00007ffc80330000 - 0x00007ffc80341000 	C:\WINDOWS\System32\kernel.appcore.dll
0x00007ffc80940000 - 0x00007ffc80957000 	C:\WINDOWS\System32\cryptsp.dll
0x00007ffc7ced0000 - 0x00007ffc7ceea000 	D:\apps\idea\IntelliJ IDEA 2018.3.5\bin\breakgen64.dll
0x00007ffc4a860000 - 0x00007ffc4a87a000 	D:\Java\jdk1.8.0_201\jre\bin\net.dll
0x00007ffc70840000 - 0x00007ffc70a17000 	C:\WINDOWS\SYSTEM32\urlmon.dll
0x00007ffc710b0000 - 0x00007ffc71358000 	C:\WINDOWS\SYSTEM32\iertutil.dll
0x00007ffc7fd20000 - 0x00007ffc7fd2c000 	C:\WINDOWS\SYSTEM32\CRYPTBASE.DLL
0x00007ffc7fb50000 - 0x00007ffc7fbb7000 	C:\WINDOWS\system32\mswsock.dll
0x00007ffc468d0000 - 0x00007ffc468e1000 	D:\Java\jdk1.8.0_201\jre\bin\nio.dll
0x00007ffc77ff0000 - 0x00007ffc77ffd000 	D:\Java\jdk1.8.0_201\jre\bin\management.dll
0x00007ffc3cc80000 - 0x00007ffc3cc96000 	C:\WINDOWS\system32\napinsp.dll
0x00007ffc3cc60000 - 0x00007ffc3cc7a000 	C:\WINDOWS\system32\pnrpnsp.dll
0x00007ffc7f8b0000 - 0x00007ffc7f976000 	C:\WINDOWS\SYSTEM32\DNSAPI.dll
0x00007ffc81c80000 - 0x00007ffc81c88000 	C:\WINDOWS\System32\NSI.dll
0x00007ffc7f870000 - 0x00007ffc7f8ad000 	C:\WINDOWS\SYSTEM32\IPHLPAPI.DLL
0x00007ffc59bb0000 - 0x00007ffc59bbe000 	C:\WINDOWS\System32\winrnr.dll
0x00007ffc7c950000 - 0x00007ffc7c96b000 	C:\WINDOWS\system32\NLAapi.dll
0x00007ffc75c90000 - 0x00007ffc75ca5000 	C:\WINDOWS\system32\wshbth.dll
0x0000000061040000 - 0x0000000061066000 	C:\Program Files\Bonjour\mdnsNSP.dll
0x00007ffc6b770000 - 0x00007ffc6b77a000 	C:\Windows\System32\rasadhlp.dll
0x00007ffc6cdd0000 - 0x00007ffc6ce49000 	C:\WINDOWS\System32\fwpuclnt.dll
0x00007ffc80400000 - 0x00007ffc80426000 	C:\WINDOWS\System32\bcrypt.dll

VM Arguments:
jvm_args: -ea -Didea.test.cyclic.buffer.size=1048576 -javaagent:D:\apps\idea\IntelliJ IDEA 2018.3.5\lib\idea_rt.jar=6936:D:\apps\idea\IntelliJ IDEA 2018.3.5\bin -Dfile.encoding=UTF-8 
java_command: com.intellij.rt.execution.junit.JUnitStarter -ideVersion5 -junit5 com.liziwei.orderonline.service.imp.FoodCarServiceTest,deleteFromFoodCar
java_class_path (initial): D:\apps\idea\IntelliJ IDEA 2018.3.5\lib\idea_rt.jar;D:\apps\idea\IntelliJ IDEA 2018.3.5\plugins\junit\lib\junit-rt.jar;D:\apps\idea\IntelliJ IDEA 2018.3.5\plugins\junit\lib\junit5-rt.jar;C:\Users\Administrator\.m2\repository\org\junit\platform\junit-platform-launcher\1.5.2\junit-platform-launcher-1.5.2.jar;C:\Users\Administrator\.m2\repository\org\apiguardian\apiguardian-api\1.1.0\apiguardian-api-1.1.0.jar;C:\Users\Administrator\.m2\repository\org\junit\platform\junit-platform-engine\1.5.2\junit-platform-engine-1.5.2.jar;C:\Users\Administrator\.m2\repository\org\opentest4j\opentest4j\1.2.0\opentest4j-1.2.0.jar;C:\Users\Administrator\.m2\repository\org\junit\platform\junit-platform-commons\1.5.2\junit-platform-commons-1.5.2.jar;D:\Java\jdk1.8.0_201\jre\lib\charsets.jar;D:\Java\jdk1.8.0_201\jre\lib\deploy.jar;D:\Java\jdk1.8.0_201\jre\lib\ext\access-bridge-64.jar;D:\Java\jdk1.8.0_201\jre\lib\ext\cldrdata.jar;D:\Java\jdk1.8.0_201\jre\lib\ext\dnsns.jar;D:\Java\jdk1.8.0_201\jre\lib\ext\jaccess.jar;D:\Java\jdk1.8.0_201\jre\lib\ext\jfxrt.jar;D:\Java\jdk1.8.0_201\jre\lib\ext\localedata.jar;D:\Java\jdk1.8.0_201\jre\lib\ext\nashorn.jar;D:\Java\jdk1.8.0_201\jre\lib\ext\sunec.jar;D:\Java\jdk1.8.0_201\jre\lib\ext\sunjce_provider.jar;D:\Java\jdk1.8.0_201\jre\lib\ext\sunmscapi.jar;D:\Java\jdk1.8.0_201\jre\lib\ext\sunpkcs11.jar;D:\Java\jdk1.8.0_201\jre\lib\ext\zipfs.jar;D:\Java\jdk1.8.0_201\jre\lib\javaws.jar;D:\Java\jdk1.8.0_201\jre\lib\jce.jar;D:\Java\jdk1.8.0_201\jre\lib\jfr.jar;D:\Java\jdk1.8.0_201\jre\lib\jfxswt.jar;D:\Java\jdk1.8.0_201\jre\lib\jsse.jar;D:\Java\jdk1.8.0_201\jre\lib\management-agent.jar;D:\Java\jdk1.8.0_201\jre\lib\plugin.jar;D:\Java\jdk1.8.0_201\jre\lib\resources.jar;D:\Java\jdk1.8.0_201\jre\lib\rt.jar;D:\Works\liziwei\target\test-classes;D:\Works\liziwei\target\classes;D:\Maven\repository\org\springframework\boot\spring-boot-starter-jdbc\2.2.2.RELEASE\spring-boot-starter-jdbc-2.2.2.RELEASE.jar;D:\Maven\repository\org\springframewor
Launcher Type: SUN_STANDARD

Environment Variables:
JAVA_HOME=D:\Java\jdk1.8.0_201
JRE_HOME=D:\Java\jdk1.8.0_201\jre
PATH=C:\ProgramData\DockerDesktop\version-bin;C:\Program Files\Docker\Docker\Resources\bin;D:\Java\jdk1.8.0_201\bin;C:\Program Files (x86)\Common Files\Oracle\Java\javapath;C:\WINDOWS\system32;C:\WINDOWS;C:\WINDOWS\System32\Wbem;C:\WINDOWS\System32\WindowsPowerShell\v1.0\;D:\Maven\apache-maven-3.6.0\bin;D:\Tomcat\apache-tomcat-7.0.93\lib;C:\WINDOWS\System32\OpenSSH\;D:\SVN\bin;D:\apps\Calibre\;D:\Git\cmd;D:\apps\nodejs\;D:\hadoop-2.7.7\bin;D:\hadoop-2.7.7\sbin;D:\zookeeper-3.4.14\bin;D:\apps\cmder_mini\bin;D:\Go\bin;C:\Users\Administrator\AppData\Local\Microsoft\WindowsApps;;D:\apps\IntelliJ IDEA 2018.3.5\bin;;C:\Users\Administrator\AppData\Roaming\npm;C:\Users\Administrator\go\bin;D:\Microsoft VS Code\bin
USERNAME=Administrator
OS=Windows_NT
PROCESSOR_IDENTIFIER=Intel64 Family 6 Model 142 Stepping 9, GenuineIntel



---------------  S Y S T E M  ---------------

OS: Windows 10.0 , 64 bit Build 17763 (10.0.17763.475)

CPU:total 4 (initial active 4) (2 cores per cpu, 2 threads per core) family 6 model 142 stepping 9, cmov, cx8, fxsr, mmx, sse, sse2, sse3, ssse3, sse4.1, sse4.2, popcnt, avx, avx2, aes, clmul, erms, 3dnowpref, lzcnt, ht, tsc, tscinvbit, bmi1, bmi2, adx

Memory: 4k page, physical 8295652k(1564540k free), swap 8295652k(6132k free)

vm_info: Java HotSpot(TM) 64-Bit Server VM (25.201-b09) for windows-amd64 JRE (1.8.0_201-b09), built on Dec 15 2018 18:36:39 by "java_re" with MS VC++ 10.0 (VS2010)

time: Wed Feb 26 12:23:12 2020
timezone: 中国标准时间
elapsed time: 10 seconds (0d 0h 0m 10s)

