#
# There is insufficient memory for the Java Runtime Environment to continue.
# Native memory allocation (malloc) failed to allocate 1047296 bytes for Chunk::new
# Possible reasons:
#   The system is out of physical RAM or swap space
#   The process is running with CompressedOops enabled, and the Java Heap may be blocking the growth of the native heap
# Possible solutions:
#   Reduce memory load on the system
#   Increase physical memory or swap space
#   Check if swap backing store is full
#   Decrease Java heap size (-Xmx/-Xms)
#   Decrease number of Java threads
#   Decrease Java thread stack sizes (-Xss)
#   Set larger code cache with -XX:ReservedCodeCacheSize=
#   JVM is running with Unscaled Compressed Oops mode in which the Java heap is
#     placed in the first 4GB address space. The Java Heap base address is the
#     maximum limit for the native heap growth. Please use -XX:HeapBaseMinAddress
#     to set the Java Heap base and to place the Java Heap above 4GB virtual address.
# This output file may be truncated or incomplete.
#
#  Out of Memory Error (allocation.cpp:390), pid=6156, tid=0x00000000000032e0
#
# JRE version: Java(TM) SE Runtime Environment (8.0_201-b09) (build 1.8.0_201-b09)
# Java VM: Java HotSpot(TM) 64-Bit Server VM (25.201-b09 mixed mode windows-amd64 compressed oops)
# Failed to write core dump. Minidumps are not enabled by default on client versions of Windows
#

---------------  T H R E A D  ---------------

Current thread (0x0000000019e69800):  JavaThread "C2 CompilerThread0" daemon [_thread_in_native, id=13024, stack(0x000000001a610000,0x000000001a710000)]

Stack: [0x000000001a610000,0x000000001a710000]
[error occurred during error reporting (printing stack bounds), id 0xc0000005]

Native frames: (J=compiled Java code, j=interpreted, Vv=VM code, C=native code)


Current CompileTask:
C2:   7387 3524       4       org.springframework.core.annotation.AnnotationsScanner::processMethodHierarchy (274 bytes)


---------------  P R O C E S S  ---------------

Java Threads: ( => current thread )
  0x000000001cd9f000 JavaThread "mysql-cj-abandoned-connection-cleanup" daemon [_thread_blocked, id=9772, stack(0x000000001fa80000,0x000000001fb80000)]
  0x0000000019f11000 JavaThread "Service Thread" daemon [_thread_blocked, id=8164, stack(0x000000001a910000,0x000000001aa10000)]
  0x0000000019e6b800 JavaThread "C1 CompilerThread2" daemon [_thread_blocked, id=380, stack(0x000000001a810000,0x000000001a910000)]
  0x0000000019e6a800 JavaThread "C2 CompilerThread1" daemon [_thread_in_native, id=13252, stack(0x000000001a710000,0x000000001a810000)]
=>0x0000000019e69800 JavaThread "C2 CompilerThread0" daemon [_thread_in_native, id=13024, stack(0x000000001a610000,0x000000001a710000)]
  0x00000000180f1000 JavaThread "JDWP Command Reader" daemon [_thread_in_native, id=2712, stack(0x0000000019c10000,0x0000000019d10000)]
  0x00000000180ed800 JavaThread "JDWP Event Helper Thread" daemon [_thread_blocked, id=1040, stack(0x0000000019b10000,0x0000000019c10000)]
  0x00000000180e1000 JavaThread "JDWP Transport Listener: dt_socket" daemon [_thread_blocked, id=9124, stack(0x0000000019a10000,0x0000000019b10000)]
  0x0000000019452800 JavaThread "Attach Listener" daemon [_thread_blocked, id=12408, stack(0x0000000019910000,0x0000000019a10000)]
  0x00000000180c6000 JavaThread "Signal Dispatcher" daemon [_thread_blocked, id=1892, stack(0x0000000019810000,0x0000000019910000)]
  0x000000000336b000 JavaThread "Finalizer" daemon [_thread_blocked, id=7236, stack(0x0000000019310000,0x0000000019410000)]
  0x0000000003368000 JavaThread "Reference Handler" daemon [_thread_blocked, id=6304, stack(0x0000000019210000,0x0000000019310000)]
  0x0000000003277800 JavaThread "main" [_thread_in_vm, id=11892, stack(0x00000000030a0000,0x00000000031a0000)]

Other Threads:
  0x0000000018077000 VMThread [stack: 0x0000000019110000,0x0000000019210000] [id=4864]
  0x0000000019f6b000 WatcherThread [stack: 0x000000001aa10000,0x000000001ab10000] [id=4852]

VM state:not at safepoint (normal execution)

VM Mutex/Monitor currently owned by a thread: None

heap address: 0x0000000081600000, size: 2026 MB, Compressed Oops mode: 32-bit
Narrow klass base: 0x0000000000000000, Narrow klass shift: 3
Compressed class space size: 1073741824 Address: 0x0000000100000000

Heap:
 PSYoungGen      total 100864K, used 57640K [0x00000000d5d00000, 0x00000000de900000, 0x0000000100000000)
  eden space 92160K, 62% used [0x00000000d5d00000,0x00000000d954a2d0,0x00000000db700000)
  from space 8704K, 0% used [0x00000000db700000,0x00000000db700000,0x00000000dbf80000)
  to   space 8704K, 0% used [0x00000000de080000,0x00000000de080000,0x00000000de900000)
 ParOldGen       total 84480K, used 12646K [0x0000000081600000, 0x0000000086880000, 0x00000000d5d00000)
  object space 84480K, 14% used [0x0000000081600000,0x0000000082259830,0x0000000086880000)
 Metaspace       used 35457K, capacity 37129K, committed 37416K, reserved 1081344K
  class space    used 4627K, capacity 4937K, committed 5040K, reserved 1048576K

Card table byte_map: [0x0000000012910000,0x0000000012d10000] byte_map_base: 0x0000000012505000

Marking Bits: (ParMarkBitMap*) 0x000000005fe14ce0
 Begin Bits: [0x00000000133c0000, 0x0000000015368000)
 End Bits:   [0x0000000015368000, 0x0000000017310000)

Polling page: 0x0000000000fb0000

CodeCache: size=245760Kb used=12526Kb max_used=12526Kb free=233233Kb
 bounds [0x0000000003550000, 0x00000000041a0000, 0x0000000012550000]
 total_blobs=3971 nmethods=3543 adapters=348
 compilation: enabled

Compilation events (10 events):
Event: 7.366 Thread 0x0000000019e6b800 3551       3       org.springframework.asm.SymbolTable::addConstantMethodref (24 bytes)
Event: 7.366 Thread 0x0000000019e6b800 nmethod 3551 0x000000000418ed90 code [0x000000000418ef00, 0x000000000418f128]
Event: 7.366 Thread 0x0000000019e6b800 3554       3       org.springframework.cglib.core.TypeUtils::isArray (15 bytes)
Event: 7.366 Thread 0x0000000019e6b800 nmethod 3554 0x000000000418f1d0 code [0x000000000418f340, 0x000000000418f610]
Event: 7.366 Thread 0x0000000019e6b800 3549       1       org.springframework.cglib.core.ReflectUtils$6::getModifiers (5 bytes)
Event: 7.366 Thread 0x0000000019e6b800 nmethod 3549 0x000000000418f6d0 code [0x000000000418f820, 0x000000000418f930]
Event: 7.372 Thread 0x0000000019e6b800 3555       3       com.sun.beans.WeakCache::put (38 bytes)
Event: 7.373 Thread 0x0000000019e6b800 nmethod 3555 0x000000000418f990 code [0x000000000418fb40, 0x00000000041900d8]
Event: 7.382 Thread 0x0000000019e6b800 3556       3       org.springframework.util.StringUtils::changeFirstCharacterCase (64 bytes)
Event: 7.383 Thread 0x0000000019e6b800 nmethod 3556 0x0000000004190350 code [0x00000000041905a0, 0x0000000004191248]

GC Heap History (10 events):
Event: 4.621 GC heap before
{Heap before GC invocations=7 (full 1):
 PSYoungGen      total 38400K, used 33280K [0x00000000d5d00000, 0x00000000daf00000, 0x0000000100000000)
  eden space 33280K, 100% used [0x00000000d5d00000,0x00000000d7d80000,0x00000000d7d80000)
  from space 5120K, 0% used [0x00000000d7d80000,0x00000000d7d80000,0x00000000d8280000)
  to   space 8704K, 0% used [0x00000000da680000,0x00000000da680000,0x00000000daf00000)
 ParOldGen       total 53760K, used 7271K [0x0000000081600000, 0x0000000084a80000, 0x00000000d5d00000)
  object space 53760K, 13% used [0x0000000081600000,0x0000000081d19d38,0x0000000084a80000)
 Metaspace       used 23601K, capacity 24410K, committed 24624K, reserved 1071104K
  class space    used 3067K, capacity 3269K, committed 3376K, reserved 1048576K
Event: 4.628 GC heap after
Heap after GC invocations=7 (full 1):
 PSYoungGen      total 59904K, used 4081K [0x00000000d5d00000, 0x00000000daa80000, 0x0000000100000000)
  eden space 55808K, 0% used [0x00000000d5d00000,0x00000000d5d00000,0x00000000d9380000)
  from space 4096K, 99% used [0x00000000da680000,0x00000000daa7c5a8,0x00000000daa80000)
  to   space 8704K, 0% used [0x00000000d9980000,0x00000000d9980000,0x00000000da200000)
 ParOldGen       total 53760K, used 7271K [0x0000000081600000, 0x0000000084a80000, 0x00000000d5d00000)
  object space 53760K, 13% used [0x0000000081600000,0x0000000081d19d38,0x0000000084a80000)
 Metaspace       used 23601K, capacity 24410K, committed 24624K, reserved 1071104K
  class space    used 3067K, capacity 3269K, committed 3376K, reserved 1048576K
}
Event: 5.259 GC heap before
{Heap before GC invocations=8 (full 1):
 PSYoungGen      total 59904K, used 59889K [0x00000000d5d00000, 0x00000000daa80000, 0x0000000100000000)
  eden space 55808K, 100% used [0x00000000d5d00000,0x00000000d9380000,0x00000000d9380000)
  from space 4096K, 99% used [0x00000000da680000,0x00000000daa7c5a8,0x00000000daa80000)
  to   space 8704K, 0% used [0x00000000d9980000,0x00000000d9980000,0x00000000da200000)
 ParOldGen       total 53760K, used 7271K [0x0000000081600000, 0x0000000084a80000, 0x00000000d5d00000)
  object space 53760K, 13% used [0x0000000081600000,0x0000000081d19d38,0x0000000084a80000)
 Metaspace       used 25813K, capacity 26796K, committed 26928K, reserved 1073152K
  class space    used 3339K, capacity 3580K, committed 3632K, reserved 1048576K
Event: 5.267 GC heap after
Heap after GC invocations=8 (full 1):
 PSYoungGen      total 70656K, used 4854K [0x00000000d5d00000, 0x00000000dc780000, 0x0000000100000000)
  eden space 61952K, 0% used [0x00000000d5d00000,0x00000000d5d00000,0x00000000d9980000)
  from space 8704K, 55% used [0x00000000d9980000,0x00000000d9e3dbc0,0x00000000da200000)
  to   space 8192K, 0% used [0x00000000dbf80000,0x00000000dbf80000,0x00000000dc780000)
 ParOldGen       total 53760K, used 7279K [0x0000000081600000, 0x0000000084a80000, 0x00000000d5d00000)
  object space 53760K, 13% used [0x0000000081600000,0x0000000081d1bd38,0x0000000084a80000)
 Metaspace       used 25813K, capacity 26796K, committed 26928K, reserved 1073152K
  class space    used 3339K, capacity 3580K, committed 3632K, reserved 1048576K
}
Event: 6.000 GC heap before
{Heap before GC invocations=9 (full 1):
 PSYoungGen      total 70656K, used 66806K [0x00000000d5d00000, 0x00000000dc780000, 0x0000000100000000)
  eden space 61952K, 100% used [0x00000000d5d00000,0x00000000d9980000,0x00000000d9980000)
  from space 8704K, 55% used [0x00000000d9980000,0x00000000d9e3dbc0,0x00000000da200000)
  to   space 8192K, 0% used [0x00000000dbf80000,0x00000000dbf80000,0x00000000dc780000)
 ParOldGen       total 53760K, used 7279K [0x0000000081600000, 0x0000000084a80000, 0x00000000d5d00000)
  object space 53760K, 13% used [0x0000000081600000,0x0000000081d1bd38,0x0000000084a80000)
 Metaspace       used 29215K, capacity 30400K, committed 30512K, reserved 1075200K
  class space    used 3797K, capacity 4048K, committed 4144K, reserved 1048576K
Event: 6.008 GC heap after
Heap after GC invocations=9 (full 1):
 PSYoungGen      total 100352K, used 6791K [0x00000000d5d00000, 0x00000000dd080000, 0x0000000100000000)
  eden space 92160K, 0% used [0x00000000d5d00000,0x00000000d5d00000,0x00000000db700000)
  from space 8192K, 82% used [0x00000000dbf80000,0x00000000dc621db8,0x00000000dc780000)
  to   space 8704K, 0% used [0x00000000db700000,0x00000000db700000,0x00000000dbf80000)
 ParOldGen       total 53760K, used 7279K [0x0000000081600000, 0x0000000084a80000, 0x00000000d5d00000)
  object space 53760K, 13% used [0x0000000081600000,0x0000000081d1bd38,0x0000000084a80000)
 Metaspace       used 29215K, capacity 30400K, committed 30512K, reserved 1075200K
  class space    used 3797K, capacity 4048K, committed 4144K, reserved 1048576K
}
Event: 6.754 GC heap before
{Heap before GC invocations=10 (full 1):
 PSYoungGen      total 100352K, used 77724K [0x00000000d5d00000, 0x00000000dd080000, 0x0000000100000000)
  eden space 92160K, 76% used [0x00000000d5d00000,0x00000000da2452c0,0x00000000db700000)
  from space 8192K, 82% used [0x00000000dbf80000,0x00000000dc621db8,0x00000000dc780000)
  to   space 8704K, 0% used [0x00000000db700000,0x00000000db700000,0x00000000dbf80000)
 ParOldGen       total 53760K, used 7279K [0x0000000081600000, 0x0000000084a80000, 0x00000000d5d00000)
  object space 53760K, 13% used [0x0000000081600000,0x0000000081d1bd38,0x0000000084a80000)
 Metaspace       used 34064K, capacity 35449K, committed 35496K, reserved 1081344K
  class space    used 4394K, capacity 4656K, committed 4656K, reserved 1048576K
Event: 6.762 GC heap after
Heap after GC invocations=10 (full 1):
 PSYoungGen      total 100864K, used 7140K [0x00000000d5d00000, 0x00000000de900000, 0x0000000100000000)
  eden space 92160K, 0% used [0x00000000d5d00000,0x00000000d5d00000,0x00000000db700000)
  from space 8704K, 82% used [0x00000000db700000,0x00000000dbdf91f8,0x00000000dbf80000)
  to   space 8704K, 0% used [0x00000000de080000,0x00000000de080000,0x00000000de900000)
 ParOldGen       total 53760K, used 8123K [0x0000000081600000, 0x0000000084a80000, 0x00000000d5d00000)
  object space 53760K, 15% used [0x0000000081600000,0x0000000081deed78,0x0000000084a80000)
 Metaspace       used 34064K, capacity 35449K, committed 35496K, reserved 1081344K
  class space    used 4394K, capacity 4656K, committed 4656K, reserved 1048576K
}
Event: 6.762 GC heap before
{Heap before GC invocations=11 (full 2):
 PSYoungGen      total 100864K, used 7140K [0x00000000d5d00000, 0x00000000de900000, 0x0000000100000000)
  eden space 92160K, 0% used [0x00000000d5d00000,0x00000000d5d00000,0x00000000db700000)
  from space 8704K, 82% used [0x00000000db700000,0x00000000dbdf91f8,0x00000000dbf80000)
  to   space 8704K, 0% used [0x00000000de080000,0x00000000de080000,0x00000000de900000)
 ParOldGen       total 53760K, used 8123K [0x0000000081600000, 0x0000000084a80000, 0x00000000d5d00000)
  object space 53760K, 15% used [0x0000000081600000,0x0000000081deed78,0x0000000084a80000)
 Metaspace       used 34064K, capacity 35449K, committed 35496K, reserved 1081344K
  class space    used 4394K, capacity 4656K, committed 4656K, reserved 1048576K
Event: 6.842 GC heap after
Heap after GC invocations=11 (full 2):
 PSYoungGen      total 100864K, used 0K [0x00000000d5d00000, 0x00000000de900000, 0x0000000100000000)
  eden space 92160K, 0% used [0x00000000d5d00000,0x00000000d5d00000,0x00000000db700000)
  from space 8704K, 0% used [0x00000000db700000,0x00000000db700000,0x00000000dbf80000)
  to   space 8704K, 0% used [0x00000000de080000,0x00000000de080000,0x00000000de900000)
 ParOldGen       total 84480K, used 12646K [0x0000000081600000, 0x0000000086880000, 0x00000000d5d00000)
  object space 84480K, 14% used [0x0000000081600000,0x0000000082259830,0x0000000086880000)
 Metaspace       used 34064K, capacity 35449K, committed 35496K, reserved 1081344K
  class space    used 4394K, capacity 4656K, committed 4656K, reserved 1048576K
}

Deoptimization events (10 events):
Event: 6.217 Thread 0x0000000003277800 Uncommon trap: reason=class_check action=maybe_recompile pc=0x00000000039a2144 method=java.util.concurrent.ConcurrentHashMap.putVal(Ljava/lang/Object;Ljava/lang/Object;Z)Ljava/lang/Object; @ 192
Event: 6.262 Thread 0x0000000003277800 Uncommon trap: reason=unstable_if action=reinterpret pc=0x00000000037211d4 method=java.lang.AbstractStringBuilder.append(Ljava/lang/String;)Ljava/lang/AbstractStringBuilder; @ 1
Event: 6.531 Thread 0x0000000003277800 Uncommon trap: reason=unstable_if action=reinterpret pc=0x0000000003e33704 method=java.util.concurrent.ConcurrentHashMap.get(Ljava/lang/Object;)Ljava/lang/Object; @ 152
Event: 6.629 Thread 0x0000000003277800 Uncommon trap: reason=unstable_if action=reinterpret pc=0x0000000003a78e38 method=java.io.WinNTFileSystem.prefixLength(Ljava/lang/String;)I @ 42
Event: 6.898 Thread 0x0000000003277800 Uncommon trap: reason=unstable_if action=reinterpret pc=0x0000000004040594 method=java.lang.reflect.Method.equals(Ljava/lang/Object;)Z @ 49
Event: 6.898 Thread 0x0000000003277800 Uncommon trap: reason=unstable_if action=reinterpret pc=0x0000000003ffd700 method=java.lang.Class.searchMethods([Ljava/lang/reflect/Method;Ljava/lang/String;[Ljava/lang/Class;)Ljava/lang/reflect/Method; @ 47
Event: 7.154 Thread 0x0000000003277800 Uncommon trap: reason=unstable_if action=reinterpret pc=0x00000000040697e4 method=org.springframework.beans.factory.support.AbstractBeanFactory.isTypeMatch(Ljava/lang/String;Lorg/springframework/core/ResolvableType;Z)Z @ 559
Event: 7.204 Thread 0x0000000003277800 Uncommon trap: reason=unstable_if action=reinterpret pc=0x00000000040803ac method=java.util.concurrent.ConcurrentHashMap.putVal(Ljava/lang/Object;Ljava/lang/Object;Z)Ljava/lang/Object; @ 331
Event: 7.218 Thread 0x0000000003277800 Uncommon trap: reason=unstable_if action=reinterpret pc=0x0000000003a72350 method=java.util.concurrent.ConcurrentHashMap.transfer([Ljava/util/concurrent/ConcurrentHashMap$Node;[Ljava/util/concurrent/ConcurrentHashMap$Node;)V @ 356
Event: 7.254 Thread 0x0000000003277800 Uncommon trap: reason=unstable_if action=reinterpret pc=0x00000000040a25b4 method=java.util.concurrent.ConcurrentHashMap.get(Ljava/lang/Object;)Ljava/lang/Object; @ 86

Classes redefined (0 events):
No events

Internal exceptions (10 events):
Event: 7.278 Thread 0x0000000003277800 Exception <a 'java/lang/ClassNotFoundException': org/springframework/boot/autoconfigure/http/HttpMessageConvertersCustomizer> (0x00000000d8cf4350) thrown at [C:\re\workspace\8-2-build-windows-amd64-cygwin\jdk8u201\12322\hotspot\src\share\vm\classfile\syst
Event: 7.279 Thread 0x0000000003277800 Exception <a 'java/lang/ClassNotFoundException': java/lang/IterableCustomizer> (0x00000000d8d06ec0) thrown at [C:\re\workspace\8-2-build-windows-amd64-cygwin\jdk8u201\12322\hotspot\src\share\vm\classfile\systemDictionary.cpp, line 210]
Event: 7.372 Thread 0x0000000003277800 Exception <a 'java/lang/ClassNotFoundException': java/lang/ObjectCustomizer> (0x00000000d938b878) thrown at [C:\re\workspace\8-2-build-windows-amd64-cygwin\jdk8u201\12322\hotspot\src\share\vm\classfile\systemDictionary.cpp, line 210]
Event: 7.372 Thread 0x0000000003277800 Exception <a 'java/lang/ClassNotFoundException': org/springframework/data/web/SortHandlerMethodArgumentResolverCustomizer> (0x00000000d93b2ed0) thrown at [C:\re\workspace\8-2-build-windows-amd64-cygwin\jdk8u201\12322\hotspot\src\share\vm\classfile\systemD
Event: 7.373 Thread 0x0000000003277800 Exception <a 'java/lang/ClassNotFoundException': org/springframework/data/web/SortArgumentResolverCustomizer> (0x00000000d93dca00) thrown at [C:\re\workspace\8-2-build-windows-amd64-cygwin\jdk8u201\12322\hotspot\src\share\vm\classfile\systemDictionary.cpp
Event: 7.374 Thread 0x0000000003277800 Exception <a 'java/lang/ClassNotFoundException': org/springframework/web/method/support/HandlerMethodArgumentResolverCustomizer> (0x00000000d9405618) thrown at [C:\re\workspace\8-2-build-windows-amd64-cygwin\jdk8u201\12322\hotspot\src\share\vm\classfile\s
Event: 7.381 Thread 0x0000000003277800 Exception <a 'java/lang/ClassNotFoundException': java/lang/ObjectCustomizer> (0x00000000d9460498) thrown at [C:\re\workspace\8-2-build-windows-amd64-cygwin\jdk8u201\12322\hotspot\src\share\vm\classfile\systemDictionary.cpp, line 210]
Event: 7.382 Thread 0x0000000003277800 Exception <a 'java/lang/ClassNotFoundException': org/springframework/data/web/PageableHandlerMethodArgumentResolverCustomizer> (0x00000000d9489248) thrown at [C:\re\workspace\8-2-build-windows-amd64-cygwin\jdk8u201\12322\hotspot\src\share\vm\classfile\sys
Event: 7.383 Thread 0x0000000003277800 Exception <a 'java/lang/ClassNotFoundException': org/springframework/data/web/PageableArgumentResolverCustomizer> (0x00000000d94b92c0) thrown at [C:\re\workspace\8-2-build-windows-amd64-cygwin\jdk8u201\12322\hotspot\src\share\vm\classfile\systemDictionary
Event: 7.384 Thread 0x0000000003277800 Exception <a 'java/lang/ClassNotFoundException': org/springframework/web/method/support/HandlerMethodArgumentResolverCustomizer> (0x00000000d94e1ac8) thrown at [C:\re\workspace\8-2-build-windows-amd64-cygwin\jdk8u201\12322\hotspot\src\share\vm\classfile\s

Events (10 events):
Event: 7.385 Thread 0x0000000003277800 DEOPT UNPACKING pc=0x0000000003597890 sp=0x000000000319af98 mode 1
Event: 7.385 Thread 0x0000000003277800 DEOPT PACKING pc=0x00000000038fe9d4 sp=0x000000000319b360
Event: 7.385 Thread 0x0000000003277800 DEOPT UNPACKING pc=0x0000000003597890 sp=0x000000000319b090 mode 1
Event: 7.385 Thread 0x0000000003277800 DEOPT PACKING pc=0x00000000038d5ca4 sp=0x000000000319b3b0
Event: 7.385 Thread 0x0000000003277800 DEOPT UNPACKING pc=0x0000000003597890 sp=0x000000000319b148 mode 1
Event: 7.385 Thread 0x0000000003277800 DEOPT PACKING pc=0x0000000003b65b34 sp=0x000000000319b490
Event: 7.385 Thread 0x0000000003277800 DEOPT UNPACKING pc=0x0000000003597890 sp=0x000000000319b268 mode 1
Event: 7.385 Thread 0x0000000003277800 DEOPT PACKING pc=0x00000000040f495c sp=0x000000000319c400
Event: 7.385 Thread 0x0000000003277800 DEOPT UNPACKING pc=0x0000000003597890 sp=0x000000000319c1a0 mode 1
Event: 7.385 Thread 0x0000000003277800 DEOPT PACKING pc=0x00000000040d413c sp=0x000000000319c4d0


Dynamic libraries:
0x00007ff65c130000 - 0x00007ff65c167000 	D:\Java\jdk1.8.0_201\bin\java.exe
0x00007ffc842f0000 - 0x00007ffc844dd000 	C:\WINDOWS\SYSTEM32\ntdll.dll
0x00007ffc81e30000 - 0x00007ffc81ee3000 	C:\WINDOWS\System32\KERNEL32.DLL
0x00007ffc80680000 - 0x00007ffc80913000 	C:\WINDOWS\System32\KERNELBASE.dll
0x00007ffc82030000 - 0x00007ffc820d3000 	C:\WINDOWS\System32\ADVAPI32.dll
0x00007ffc81890000 - 0x00007ffc8192e000 	C:\WINDOWS\System32\msvcrt.dll
0x00007ffc81c90000 - 0x00007ffc81d2e000 	C:\WINDOWS\System32\sechost.dll
0x00007ffc81530000 - 0x00007ffc81652000 	C:\WINDOWS\System32\RPCRT4.dll
0x00007ffc81ae0000 - 0x00007ffc81c77000 	C:\WINDOWS\System32\USER32.dll
0x00007ffc80920000 - 0x00007ffc80940000 	C:\WINDOWS\System32\win32u.dll
0x00007ffc820e0000 - 0x00007ffc82109000 	C:\WINDOWS\System32\GDI32.dll
0x00007ffc80960000 - 0x00007ffc80af9000 	C:\WINDOWS\System32\gdi32full.dll
0x00007ffc805e0000 - 0x00007ffc80680000 	C:\WINDOWS\System32\msvcp_win.dll
0x00007ffc80430000 - 0x00007ffc8052a000 	C:\WINDOWS\System32\ucrtbase.dll
0x00007ffc6ec00000 - 0x00007ffc6ee79000 	C:\WINDOWS\WinSxS\amd64_microsoft.windows.common-controls_6595b64144ccf1df_6.0.17763.864_none_05b3441807210760\COMCTL32.dll
0x00007ffc82930000 - 0x00007ffc82c5c000 	C:\WINDOWS\System32\combase.dll
0x00007ffc80ce0000 - 0x00007ffc80d5e000 	C:\WINDOWS\System32\bcryptPrimitives.dll
0x00007ffc82850000 - 0x00007ffc8287e000 	C:\WINDOWS\System32\IMM32.DLL
0x000000005fea0000 - 0x000000005ff71000 	D:\Java\jdk1.8.0_201\jre\bin\msvcr100.dll
0x000000005f5f0000 - 0x000000005fe94000 	D:\Java\jdk1.8.0_201\jre\bin\server\jvm.dll
0x00007ffc821c0000 - 0x00007ffc821c8000 	C:\WINDOWS\System32\PSAPI.DLL
0x00007ffc67100000 - 0x00007ffc67109000 	C:\WINDOWS\SYSTEM32\WSOCK32.dll
0x00007ffc827e0000 - 0x00007ffc8284d000 	C:\WINDOWS\System32\WS2_32.dll
0x00007ffc7e340000 - 0x00007ffc7e364000 	C:\WINDOWS\SYSTEM32\WINMM.dll
0x00007ffc73200000 - 0x00007ffc7320a000 	C:\WINDOWS\SYSTEM32\VERSION.dll
0x00007ffc7e300000 - 0x00007ffc7e32d000 	C:\WINDOWS\SYSTEM32\WINMMBASE.dll
0x00007ffc803b0000 - 0x00007ffc803fa000 	C:\WINDOWS\System32\cfgmgr32.dll
0x00007ffc77310000 - 0x00007ffc7731f000 	D:\Java\jdk1.8.0_201\jre\bin\verify.dll
0x00007ffc742e0000 - 0x00007ffc74309000 	D:\Java\jdk1.8.0_201\jre\bin\java.dll
0x00007ffc7e3c0000 - 0x00007ffc7e3f5000 	D:\Java\jdk1.8.0_201\jre\bin\jdwp.dll
0x00007ffc7e440000 - 0x00007ffc7e448000 	D:\Java\jdk1.8.0_201\jre\bin\npt.dll
0x00007ffc7c980000 - 0x00007ffc7c9a3000 	D:\Java\jdk1.8.0_201\jre\bin\instrument.dll
0x00007ffc742c0000 - 0x00007ffc742d6000 	D:\Java\jdk1.8.0_201\jre\bin\zip.dll
0x00007ffc82c60000 - 0x00007ffc84154000 	C:\WINDOWS\System32\SHELL32.dll
0x00007ffc82110000 - 0x00007ffc821b8000 	C:\WINDOWS\System32\shcore.dll
0x00007ffc80dc0000 - 0x00007ffc8150d000 	C:\WINDOWS\System32\windows.storage.dll
0x00007ffc802e0000 - 0x00007ffc80304000 	C:\WINDOWS\System32\profapi.dll
0x00007ffc80350000 - 0x00007ffc803ad000 	C:\WINDOWS\System32\powrprof.dll
0x00007ffc821d0000 - 0x00007ffc82222000 	C:\WINDOWS\System32\shlwapi.dll
0x00007ffc80330000 - 0x00007ffc80341000 	C:\WINDOWS\System32\kernel.appcore.dll
0x00007ffc80940000 - 0x00007ffc80957000 	C:\WINDOWS\System32\cryptsp.dll
0x00007ffc7e390000 - 0x00007ffc7e399000 	D:\Java\jdk1.8.0_201\jre\bin\dt_socket.dll
0x00007ffc7fb50000 - 0x00007ffc7fbb7000 	C:\WINDOWS\system32\mswsock.dll
0x00007ffc7f6d0000 - 0x00007ffc7f703000 	C:\WINDOWS\system32\rsaenh.dll
0x00007ffc80400000 - 0x00007ffc80426000 	C:\WINDOWS\System32\bcrypt.dll
0x00007ffc80210000 - 0x00007ffc80238000 	C:\WINDOWS\SYSTEM32\USERENV.dll
0x00007ffc7fd20000 - 0x00007ffc7fd2c000 	C:\WINDOWS\SYSTEM32\CRYPTBASE.dll
0x00007ffc4a860000 - 0x00007ffc4a87a000 	D:\Java\jdk1.8.0_201\jre\bin\net.dll
0x00007ffc70840000 - 0x00007ffc70a17000 	C:\WINDOWS\SYSTEM32\urlmon.dll
0x00007ffc710b0000 - 0x00007ffc71358000 	C:\WINDOWS\SYSTEM32\iertutil.dll
0x00007ffc7f870000 - 0x00007ffc7f8ad000 	C:\WINDOWS\SYSTEM32\IPHLPAPI.DLL
0x00007ffc81c80000 - 0x00007ffc81c88000 	C:\WINDOWS\System32\NSI.dll
0x00007ffc73150000 - 0x00007ffc73166000 	C:\WINDOWS\SYSTEM32\dhcpcsvc6.DLL
0x00007ffc73060000 - 0x00007ffc7307c000 	C:\WINDOWS\SYSTEM32\dhcpcsvc.DLL
0x00007ffc7f8b0000 - 0x00007ffc7f976000 	C:\WINDOWS\SYSTEM32\DNSAPI.dll
0x00007ffc468d0000 - 0x00007ffc468e1000 	D:\Java\jdk1.8.0_201\jre\bin\nio.dll
0x00007ffc7e4c0000 - 0x00007ffc7e4cd000 	D:\Java\jdk1.8.0_201\jre\bin\management.dll
0x00007ffc3cc80000 - 0x00007ffc3cc96000 	C:\WINDOWS\system32\napinsp.dll
0x00007ffc3cc60000 - 0x00007ffc3cc7a000 	C:\WINDOWS\system32\pnrpnsp.dll
0x00007ffc59bb0000 - 0x00007ffc59bbe000 	C:\WINDOWS\System32\winrnr.dll
0x00007ffc7c950000 - 0x00007ffc7c96b000 	C:\WINDOWS\system32\NLAapi.dll
0x00007ffc75c90000 - 0x00007ffc75ca5000 	C:\WINDOWS\system32\wshbth.dll
0x0000000061040000 - 0x0000000061066000 	C:\Program Files\Bonjour\mdnsNSP.dll
0x00007ffc6b770000 - 0x00007ffc6b77a000 	C:\Windows\System32\rasadhlp.dll
0x00007ffc6cdd0000 - 0x00007ffc6ce49000 	C:\WINDOWS\System32\fwpuclnt.dll

VM Arguments:
jvm_args: -agentlib:jdwp=transport=dt_socket,address=127.0.0.1:8576,suspend=y,server=n -ea -Didea.test.cyclic.buffer.size=1048576 -javaagent:C:\Users\Administrator\.IntelliJIdea2018.3\system\captureAgent\debugger-agent.jar -Dfile.encoding=UTF-8 
java_command: com.intellij.rt.execution.junit.JUnitStarter -ideVersion5 -junit4 com.liziwei.orderonline.mapper.OrderMapperTest,addOrder
java_class_path (initial): D:\apps\idea\IntelliJ IDEA 2018.3.5\lib\idea_rt.jar;D:\apps\idea\IntelliJ IDEA 2018.3.5\plugins\junit\lib\junit-rt.jar;D:\apps\idea\IntelliJ IDEA 2018.3.5\plugins\junit\lib\junit5-rt.jar;D:\Java\jdk1.8.0_201\jre\lib\charsets.jar;D:\Java\jdk1.8.0_201\jre\lib\deploy.jar;D:\Java\jdk1.8.0_201\jre\lib\ext\access-bridge-64.jar;D:\Java\jdk1.8.0_201\jre\lib\ext\cldrdata.jar;D:\Java\jdk1.8.0_201\jre\lib\ext\dnsns.jar;D:\Java\jdk1.8.0_201\jre\lib\ext\jaccess.jar;D:\Java\jdk1.8.0_201\jre\lib\ext\jfxrt.jar;D:\Java\jdk1.8.0_201\jre\lib\ext\localedata.jar;D:\Java\jdk1.8.0_201\jre\lib\ext\nashorn.jar;D:\Java\jdk1.8.0_201\jre\lib\ext\sunec.jar;D:\Java\jdk1.8.0_201\jre\lib\ext\sunjce_provider.jar;D:\Java\jdk1.8.0_201\jre\lib\ext\sunmscapi.jar;D:\Java\jdk1.8.0_201\jre\lib\ext\sunpkcs11.jar;D:\Java\jdk1.8.0_201\jre\lib\ext\zipfs.jar;D:\Java\jdk1.8.0_201\jre\lib\javaws.jar;D:\Java\jdk1.8.0_201\jre\lib\jce.jar;D:\Java\jdk1.8.0_201\jre\lib\jfr.jar;D:\Java\jdk1.8.0_201\jre\lib\jfxswt.jar;D:\Java\jdk1.8.0_201\jre\lib\jsse.jar;D:\Java\jdk1.8.0_201\jre\lib\management-agent.jar;D:\Java\jdk1.8.0_201\jre\lib\plugin.jar;D:\Java\jdk1.8.0_201\jre\lib\resources.jar;D:\Java\jdk1.8.0_201\jre\lib\rt.jar;D:\Works\liziwei\target\test-classes;D:\Works\liziwei\target\classes;D:\Maven\repository\org\springframework\boot\spring-boot-starter-jdbc\2.2.2.RELEASE\spring-boot-starter-jdbc-2.2.2.RELEASE.jar;D:\Maven\repository\org\springframework\boot\spring-boot-starter\2.2.2.RELEASE\spring-boot-starter-2.2.2.RELEASE.jar;D:\Maven\repository\org\springframework\boot\spring-boot-starter-logging\2.2.2.RELEASE\spring-boot-starter-logging-2.2.2.RELEASE.jar;D:\Maven\repository\ch\qos\logback\logback-classic\1.2.3\logback-classic-1.2.3.jar;D:\Maven\repository\ch\qos\logback\logback-core\1.2.3\logback-core-1.2.3.jar;D:\Maven\repository\org\apache\logging\log4j\log4j-to-slf4j\2.12.1\log4j-to-slf4j-2.12.1.jar;D:\Maven\repository\org\apache\logging\log4j\log4j-api\2.12.1\log4j-api-2.12.1.jar;D:
Launcher Type: SUN_STANDARD

Environment Variables:
JAVA_HOME=D:\Java\jdk1.8.0_201
JRE_HOME=D:\Java\jdk1.8.0_201\jre
PATH=C:\ProgramData\DockerDesktop\version-bin;C:\Program Files\Docker\Docker\Resources\bin;D:\Java\jdk1.8.0_201\bin;C:\Program Files (x86)\Common Files\Oracle\Java\javapath;C:\WINDOWS\system32;C:\WINDOWS;C:\WINDOWS\System32\Wbem;C:\WINDOWS\System32\WindowsPowerShell\v1.0\;D:\Maven\apache-maven-3.6.0\bin;D:\Tomcat\apache-tomcat-7.0.93\lib;C:\WINDOWS\System32\OpenSSH\;D:\SVN\bin;D:\apps\Calibre\;D:\Git\cmd;D:\apps\nodejs\;D:\hadoop-2.7.7\bin;D:\hadoop-2.7.7\sbin;D:\zookeeper-3.4.14\bin;D:\apps\cmder_mini\bin;D:\Go\bin;C:\Users\Administrator\AppData\Local\Microsoft\WindowsApps;;D:\apps\IntelliJ IDEA 2018.3.5\bin;;C:\Users\Administrator\AppData\Roaming\npm;C:\Users\Administrator\go\bin;D:\Microsoft VS Code\bin
USERNAME=Administrator
OS=Windows_NT
PROCESSOR_IDENTIFIER=Intel64 Family 6 Model 142 Stepping 9, GenuineIntel



---------------  S Y S T E M  ---------------

OS: Windows 10.0 , 64 bit Build 17763 (10.0.17763.475)

CPU:total 4 (initial active 4) (2 cores per cpu, 2 threads per core) family 6 model 142 stepping 9, cmov, cx8, fxsr, mmx, sse, sse2, sse3, ssse3, sse4.1, sse4.2, popcnt, avx, avx2, aes, clmul, erms, 3dnowpref, lzcnt, ht, tsc, tscinvbit, bmi1, bmi2, adx

Memory: 4k page, physical 8295652k(1433220k free), swap 8295652k(5072k free)

vm_info: Java HotSpot(TM) 64-Bit Server VM (25.201-b09) for windows-amd64 JRE (1.8.0_201-b09), built on Dec 15 2018 18:36:39 by "java_re" with MS VC++ 10.0 (VS2010)

time: Thu Feb 27 00:38:05 2020
timezone: 中国标准时间
elapsed time: 7 seconds (0d 0h 0m 7s)

