#
# There is insufficient memory for the Java Runtime Environment to continue.
# Native memory allocation (malloc) failed to allocate 1424176 bytes for Chunk::new
# Possible reasons:
#   The system is out of physical RAM or swap space
#   The process is running with CompressedOops enabled, and the Java Heap may be blocking the growth of the native heap
# Possible solutions:
#   Reduce memory load on the system
#   Increase physical memory or swap space
#   Check if swap backing store is full
#   Decrease Java heap size (-Xmx/-Xms)
#   Decrease number of Java threads
#   Decrease Java thread stack sizes (-Xss)
#   Set larger code cache with -XX:ReservedCodeCacheSize=
#   JVM is running with Unscaled Compressed Oops mode in which the Java heap is
#     placed in the first 4GB address space. The Java Heap base address is the
#     maximum limit for the native heap growth. Please use -XX:HeapBaseMinAddress
#     to set the Java Heap base and to place the Java Heap above 4GB virtual address.
# This output file may be truncated or incomplete.
#
#  Out of Memory Error (allocation.cpp:390), pid=12200, tid=0x00000000000018ec
#
# JRE version: Java(TM) SE Runtime Environment (8.0_201-b09) (build 1.8.0_201-b09)
# Java VM: Java HotSpot(TM) 64-Bit Server VM (25.201-b09 mixed mode windows-amd64 compressed oops)
# Failed to write core dump. Minidumps are not enabled by default on client versions of Windows
#

---------------  T H R E A D  ---------------

Current thread (0x0000000019ec8800):  JavaThread "C2 CompilerThread1" daemon [_thread_in_native, id=6380, stack(0x000000001a670000,0x000000001a770000)]

Stack: [0x000000001a670000,0x000000001a770000]
[error occurred during error reporting (printing stack bounds), id 0xc0000005]

Native frames: (J=compiled Java code, j=interpreted, Vv=VM code, C=native code)


Current CompileTask:
C2:   8158 3721       4       org.springframework.core.annotation.AnnotationsScanner::getBaseTypeMethods (157 bytes)


---------------  P R O C E S S  ---------------

Java Threads: ( => current thread )
  0x000000001e337000 JavaThread "mysql-cj-abandoned-connection-cleanup" daemon [_thread_blocked, id=12824, stack(0x000000001eb40000,0x000000001ec40000)]
  0x0000000019f67000 JavaThread "Service Thread" daemon [_thread_blocked, id=1568, stack(0x000000001a870000,0x000000001a970000)]
  0x0000000019ec9800 JavaThread "C1 CompilerThread2" daemon [_thread_blocked, id=9500, stack(0x000000001a770000,0x000000001a870000)]
=>0x0000000019ec8800 JavaThread "C2 CompilerThread1" daemon [_thread_in_native, id=6380, stack(0x000000001a670000,0x000000001a770000)]
  0x0000000019ec6000 JavaThread "C2 CompilerThread0" daemon [_thread_in_native, id=11784, stack(0x000000001a570000,0x000000001a670000)]
  0x0000000018162000 JavaThread "JDWP Command Reader" daemon [_thread_in_native, id=8500, stack(0x0000000019c70000,0x0000000019d70000)]
  0x000000001815f000 JavaThread "JDWP Event Helper Thread" daemon [_thread_blocked, id=12672, stack(0x0000000019b70000,0x0000000019c70000)]
  0x0000000018153000 JavaThread "JDWP Transport Listener: dt_socket" daemon [_thread_blocked, id=7604, stack(0x0000000019a70000,0x0000000019b70000)]
  0x000000001814a800 JavaThread "Attach Listener" daemon [_thread_blocked, id=12700, stack(0x0000000019970000,0x0000000019a70000)]
  0x0000000018136000 JavaThread "Signal Dispatcher" daemon [_thread_blocked, id=8828, stack(0x0000000019870000,0x0000000019970000)]
  0x000000000344b000 JavaThread "Finalizer" daemon [_thread_blocked, id=9184, stack(0x0000000019370000,0x0000000019470000)]
  0x0000000003448000 JavaThread "Reference Handler" daemon [_thread_blocked, id=6288, stack(0x0000000019270000,0x0000000019370000)]
  0x0000000003357800 JavaThread "main" [_thread_in_vm, id=376, stack(0x0000000003250000,0x0000000003350000)]

Other Threads:
  0x00000000180e7000 VMThread [stack: 0x0000000019170000,0x0000000019270000] [id=8704]
  0x000000001a061800 WatcherThread [stack: 0x000000001a970000,0x000000001aa70000] [id=10316]

VM state:not at safepoint (normal execution)

VM Mutex/Monitor currently owned by a thread: None

heap address: 0x0000000081600000, size: 2026 MB, Compressed Oops mode: 32-bit
Narrow klass base: 0x0000000000000000, Narrow klass shift: 3
Compressed class space size: 1073741824 Address: 0x0000000100000000

Heap:
 PSYoungGen      total 200704K, used 163739K [0x00000000d5d00000, 0x00000000e4e80000, 0x0000000100000000)
  eden space 190464K, 85% used [0x00000000d5d00000,0x00000000dfce6f90,0x00000000e1700000)
  from space 10240K, 0% used [0x00000000e2080000,0x00000000e2080000,0x00000000e2a80000)
  to   space 9728K, 0% used [0x00000000e1700000,0x00000000e1700000,0x00000000e2080000)
 ParOldGen       total 77824K, used 11932K [0x0000000081600000, 0x0000000086200000, 0x00000000d5d00000)
  object space 77824K, 15% used [0x0000000081600000,0x00000000821a70b8,0x0000000086200000)
 Metaspace       used 38520K, capacity 40488K, committed 40624K, reserved 1085440K
  class space    used 5120K, capacity 5476K, committed 5552K, reserved 1048576K

Card table byte_map: [0x0000000012980000,0x0000000012d80000] byte_map_base: 0x0000000012575000

Marking Bits: (ParMarkBitMap*) 0x000000005fe14ce0
 Begin Bits: [0x0000000013430000, 0x00000000153d8000)
 End Bits:   [0x00000000153d8000, 0x0000000017380000)

Polling page: 0x0000000001040000

CodeCache: size=245760Kb used=13699Kb max_used=13719Kb free=232060Kb
 bounds [0x00000000035c0000, 0x0000000004330000, 0x00000000125c0000]
 total_blobs=4155 nmethods=3726 adapters=349
 compilation: enabled

Compilation events (10 events):
Event: 7.889 Thread 0x0000000019ec9800 3744       2       jdk.internal.org.objectweb.asm.Frame::set (65 bytes)
Event: 7.889 Thread 0x0000000019ec9800 nmethod 3744 0x000000000431c0d0 code [0x000000000431c240, 0x000000000431c608]
Event: 7.892 Thread 0x0000000019ec8800 nmethod 3502 0x0000000004321b90 code [0x0000000004321f40, 0x0000000004325ae0]
Event: 7.892 Thread 0x0000000019ec8800 3729       4       java.util.TreeMap::successor (66 bytes)
Event: 7.894 Thread 0x0000000019ec8800 nmethod 3729 0x0000000004320050 code [0x00000000043201a0, 0x0000000004320298]
Event: 7.894 Thread 0x0000000019ec8800 3721       4       org.springframework.core.annotation.AnnotationsScanner::getBaseTypeMethods (157 bytes)
Event: 7.918 Thread 0x0000000019ec9800 3745       2       java.lang.String::regionMatches (149 bytes)
Event: 7.919 Thread 0x0000000019ec9800 nmethod 3745 0x000000000431b310 code [0x000000000431b500, 0x000000000431ba78]
Event: 8.091 Thread 0x0000000019ec9800 3746       2       sun.misc.ProxyGenerator$ConstantPool::write (64 bytes)
Event: 8.092 Thread 0x0000000019ec9800 nmethod 3746 0x0000000004321290 code [0x0000000004321460, 0x00000000043218e8]

GC Heap History (10 events):
Event: 3.805 GC heap before
{Heap before GC invocations=6 (full 1):
 PSYoungGen      total 71680K, used 5104K [0x00000000d5d00000, 0x00000000df000000, 0x0000000100000000)
  eden space 66560K, 0% used [0x00000000d5d00000,0x00000000d5d00000,0x00000000d9e00000)
  from space 5120K, 99% used [0x00000000d9e00000,0x00000000da2fc1a0,0x00000000da300000)
  to   space 8704K, 0% used [0x00000000de780000,0x00000000de780000,0x00000000df000000)
 ParOldGen       total 87552K, used 4756K [0x0000000081600000, 0x0000000086b80000, 0x00000000d5d00000)
  object space 87552K, 5% used [0x0000000081600000,0x0000000081aa5198,0x0000000086b80000)
 Metaspace       used 20567K, capacity 21264K, committed 21296K, reserved 1067008K
  class space    used 2667K, capacity 2840K, committed 2864K, reserved 1048576K
Event: 3.836 GC heap after
Heap after GC invocations=6 (full 1):
 PSYoungGen      total 71680K, used 0K [0x00000000d5d00000, 0x00000000df000000, 0x0000000100000000)
  eden space 66560K, 0% used [0x00000000d5d00000,0x00000000d5d00000,0x00000000d9e00000)
  from space 5120K, 0% used [0x00000000d9e00000,0x00000000d9e00000,0x00000000da300000)
  to   space 8704K, 0% used [0x00000000de780000,0x00000000de780000,0x00000000df000000)
 ParOldGen       total 52736K, used 7303K [0x0000000081600000, 0x0000000084980000, 0x00000000d5d00000)
  object space 52736K, 13% used [0x0000000081600000,0x0000000081d21e40,0x0000000084980000)
 Metaspace       used 20567K, capacity 21264K, committed 21296K, reserved 1067008K
  class space    used 2667K, capacity 2840K, committed 2864K, reserved 1048576K
}
Event: 4.442 GC heap before
{Heap before GC invocations=7 (full 1):
 PSYoungGen      total 71680K, used 66560K [0x00000000d5d00000, 0x00000000df000000, 0x0000000100000000)
  eden space 66560K, 100% used [0x00000000d5d00000,0x00000000d9e00000,0x00000000d9e00000)
  from space 5120K, 0% used [0x00000000d9e00000,0x00000000d9e00000,0x00000000da300000)
  to   space 8704K, 0% used [0x00000000de780000,0x00000000de780000,0x00000000df000000)
 ParOldGen       total 52736K, used 7303K [0x0000000081600000, 0x0000000084980000, 0x00000000d5d00000)
  object space 52736K, 13% used [0x0000000081600000,0x0000000081d21e40,0x0000000084980000)
 Metaspace       used 24846K, capacity 25718K, committed 26032K, reserved 1071104K
  class space    used 3216K, capacity 3431K, committed 3504K, reserved 1048576K
Event: 4.450 GC heap after
Heap after GC invocations=7 (full 1):
 PSYoungGen      total 120320K, used 6316K [0x00000000d5d00000, 0x00000000dee00000, 0x0000000100000000)
  eden space 113664K, 0% used [0x00000000d5d00000,0x00000000d5d00000,0x00000000dcc00000)
  from space 6656K, 94% used [0x00000000de780000,0x00000000dedab1a0,0x00000000dee00000)
  to   space 8192K, 0% used [0x00000000dde00000,0x00000000dde00000,0x00000000de600000)
 ParOldGen       total 52736K, used 7303K [0x0000000081600000, 0x0000000084980000, 0x00000000d5d00000)
  object space 52736K, 13% used [0x0000000081600000,0x0000000081d21e40,0x0000000084980000)
 Metaspace       used 24846K, capacity 25718K, committed 26032K, reserved 1071104K
  class space    used 3216K, capacity 3431K, committed 3504K, reserved 1048576K
}
Event: 6.008 GC heap before
{Heap before GC invocations=8 (full 1):
 PSYoungGen      total 120320K, used 119980K [0x00000000d5d00000, 0x00000000dee00000, 0x0000000100000000)
  eden space 113664K, 100% used [0x00000000d5d00000,0x00000000dcc00000,0x00000000dcc00000)
  from space 6656K, 94% used [0x00000000de780000,0x00000000dedab1a0,0x00000000dee00000)
  to   space 8192K, 0% used [0x00000000dde00000,0x00000000dde00000,0x00000000de600000)
 ParOldGen       total 52736K, used 7303K [0x0000000081600000, 0x0000000084980000, 0x00000000d5d00000)
  object space 52736K, 13% used [0x0000000081600000,0x0000000081d21e40,0x0000000084980000)
 Metaspace       used 32619K, capacity 33844K, committed 33968K, reserved 1079296K
  class space    used 4236K, capacity 4508K, committed 4528K, reserved 1048576K
Event: 6.021 GC heap after
Heap after GC invocations=8 (full 1):
 PSYoungGen      total 140288K, used 8188K [0x00000000d5d00000, 0x00000000e2a80000, 0x0000000100000000)
  eden space 132096K, 0% used [0x00000000d5d00000,0x00000000d5d00000,0x00000000dde00000)
  from space 8192K, 99% used [0x00000000dde00000,0x00000000de5ff1f0,0x00000000de600000)
  to   space 10240K, 0% used [0x00000000e2080000,0x00000000e2080000,0x00000000e2a80000)
 ParOldGen       total 52736K, used 8818K [0x0000000081600000, 0x0000000084980000, 0x00000000d5d00000)
  object space 52736K, 16% used [0x0000000081600000,0x0000000081e9cab8,0x0000000084980000)
 Metaspace       used 32619K, capacity 33844K, committed 33968K, reserved 1079296K
  class space    used 4236K, capacity 4508K, committed 4528K, reserved 1048576K
}
Event: 6.420 GC heap before
{Heap before GC invocations=9 (full 1):
 PSYoungGen      total 140288K, used 57242K [0x00000000d5d00000, 0x00000000e2a80000, 0x0000000100000000)
  eden space 132096K, 37% used [0x00000000d5d00000,0x00000000d8ce7910,0x00000000dde00000)
  from space 8192K, 99% used [0x00000000dde00000,0x00000000de5ff1f0,0x00000000de600000)
  to   space 10240K, 0% used [0x00000000e2080000,0x00000000e2080000,0x00000000e2a80000)
 ParOldGen       total 52736K, used 8818K [0x0000000081600000, 0x0000000084980000, 0x00000000d5d00000)
  object space 52736K, 16% used [0x0000000081600000,0x0000000081e9cab8,0x0000000084980000)
 Metaspace       used 34107K, capacity 35490K, committed 35496K, reserved 1081344K
  class space    used 4394K, capacity 4653K, committed 4656K, reserved 1048576K
Event: 6.436 GC heap after
Heap after GC invocations=9 (full 1):
 PSYoungGen      total 200704K, used 7105K [0x00000000d5d00000, 0x00000000e4e80000, 0x0000000100000000)
  eden space 190464K, 0% used [0x00000000d5d00000,0x00000000d5d00000,0x00000000e1700000)
  from space 10240K, 69% used [0x00000000e2080000,0x00000000e2770758,0x00000000e2a80000)
  to   space 9728K, 0% used [0x00000000e1700000,0x00000000e1700000,0x00000000e2080000)
 ParOldGen       total 52736K, used 8826K [0x0000000081600000, 0x0000000084980000, 0x00000000d5d00000)
  object space 52736K, 16% used [0x0000000081600000,0x0000000081e9eab8,0x0000000084980000)
 Metaspace       used 34107K, capacity 35490K, committed 35496K, reserved 1081344K
  class space    used 4394K, capacity 4653K, committed 4656K, reserved 1048576K
}
Event: 6.436 GC heap before
{Heap before GC invocations=10 (full 2):
 PSYoungGen      total 200704K, used 7105K [0x00000000d5d00000, 0x00000000e4e80000, 0x0000000100000000)
  eden space 190464K, 0% used [0x00000000d5d00000,0x00000000d5d00000,0x00000000e1700000)
  from space 10240K, 69% used [0x00000000e2080000,0x00000000e2770758,0x00000000e2a80000)
  to   space 9728K, 0% used [0x00000000e1700000,0x00000000e1700000,0x00000000e2080000)
 ParOldGen       total 52736K, used 8826K [0x0000000081600000, 0x0000000084980000, 0x00000000d5d00000)
  object space 52736K, 16% used [0x0000000081600000,0x0000000081e9eab8,0x0000000084980000)
 Metaspace       used 34107K, capacity 35490K, committed 35496K, reserved 1081344K
  class space    used 4394K, capacity 4653K, committed 4656K, reserved 1048576K
Event: 6.519 GC heap after
Heap after GC invocations=10 (full 2):
 PSYoungGen      total 200704K, used 0K [0x00000000d5d00000, 0x00000000e4e80000, 0x0000000100000000)
  eden space 190464K, 0% used [0x00000000d5d00000,0x00000000d5d00000,0x00000000e1700000)
  from space 10240K, 0% used [0x00000000e2080000,0x00000000e2080000,0x00000000e2a80000)
  to   space 9728K, 0% used [0x00000000e1700000,0x00000000e1700000,0x00000000e2080000)
 ParOldGen       total 77824K, used 11932K [0x0000000081600000, 0x0000000086200000, 0x00000000d5d00000)
  object space 77824K, 15% used [0x0000000081600000,0x00000000821a70b8,0x0000000086200000)
 Metaspace       used 34107K, capacity 35490K, committed 35496K, reserved 1081344K
  class space    used 4394K, capacity 4653K, committed 4656K, reserved 1048576K
}

Deoptimization events (10 events):
Event: 6.891 Thread 0x0000000003357800 Uncommon trap: reason=bimorphic action=maybe_recompile pc=0x0000000004120428 method=java.util.Collections$SetFromMap.contains(Ljava/lang/Object;)Z @ 5
Event: 6.992 Thread 0x0000000003357800 Uncommon trap: reason=unstable_if action=reinterpret pc=0x0000000003f59d90 method=java.util.concurrent.ConcurrentHashMap.putVal(Ljava/lang/Object;Ljava/lang/Object;Z)Ljava/lang/Object; @ 331
Event: 6.993 Thread 0x0000000003357800 Uncommon trap: reason=unstable_if action=reinterpret pc=0x000000000416eef4 method=java.util.concurrent.ConcurrentHashMap.get(Ljava/lang/Object;)Ljava/lang/Object; @ 86
Event: 7.297 Thread 0x0000000003357800 Uncommon trap: reason=unstable_if action=reinterpret pc=0x00000000042239ec method=org.springframework.core.annotation.AnnotationsScanner.isWithoutHierarchy(Ljava/lang/reflect/AnnotatedElement;Lorg/springframework/core/annotation/MergedAnnotations$SearchSt
Event: 7.491 Thread 0x0000000003357800 Uncommon trap: reason=bimorphic action=maybe_recompile pc=0x0000000004120428 method=java.util.Collections$SetFromMap.contains(Ljava/lang/Object;)Z @ 5
Event: 7.576 Thread 0x0000000003357800 Uncommon trap: reason=unstable_if action=reinterpret pc=0x0000000003af3568 method=java.util.concurrent.ConcurrentHashMap.transfer([Ljava/util/concurrent/ConcurrentHashMap$Node;[Ljava/util/concurrent/ConcurrentHashMap$Node;)V @ 356
Event: 7.577 Thread 0x0000000003357800 Uncommon trap: reason=unstable_if action=reinterpret pc=0x0000000003a2a280 method=java.util.concurrent.ConcurrentHashMap.transfer([Ljava/util/concurrent/ConcurrentHashMap$Node;[Ljava/util/concurrent/ConcurrentHashMap$Node;)V @ 356
Event: 7.827 Thread 0x0000000003357800 Uncommon trap: reason=unstable_if action=reinterpret pc=0x00000000042d91e8 method=org.springframework.core.annotation.AnnotationsScanner.processMethodHierarchy(Ljava/lang/Object;[ILjava/lang/Class;Lorg/springframework/core/annotation/AnnotationsProcessor;
Event: 7.875 Thread 0x0000000003357800 Uncommon trap: reason=unstable_if action=reinterpret pc=0x0000000003f74530 method=java.util.LinkedHashMap.get(Ljava/lang/Object;)Ljava/lang/Object; @ 20
Event: 7.918 Thread 0x0000000003357800 Uncommon trap: reason=predicate action=maybe_recompile pc=0x00000000039a76f0 method=java.lang.String.regionMatches(ZILjava/lang/String;II)Z @ 63

Classes redefined (0 events):
No events

Internal exceptions (10 events):
Event: 7.815 Thread 0x0000000003357800 Exception <a 'java/lang/ClassNotFoundException': org/springframework/core/env/EnvironmentCapableCustomizer> (0x00000000ddd941f8) thrown at [C:\re\workspace\8-2-build-windows-amd64-cygwin\jdk8u201\12322\hotspot\src\share\vm\classfile\systemDictionary.cpp, 
Event: 7.816 Thread 0x0000000003357800 Exception <a 'java/lang/ClassNotFoundException': org/springframework/web/context/ServletContextAwareCustomizer> (0x00000000dddb4a90) thrown at [C:\re\workspace\8-2-build-windows-amd64-cygwin\jdk8u201\12322\hotspot\src\share\vm\classfile\systemDictionary.c
Event: 7.817 Thread 0x0000000003357800 Exception <a 'java/lang/ClassNotFoundException': org/springframework/beans/factory/AwareCustomizer> (0x00000000dddd03d0) thrown at [C:\re\workspace\8-2-build-windows-amd64-cygwin\jdk8u201\12322\hotspot\src\share\vm\classfile\systemDictionary.cpp, line 210
Event: 7.818 Thread 0x0000000003357800 Exception <a 'java/lang/ClassNotFoundException': org/springframework/beans/factory/InitializingBeanCustomizer> (0x00000000dddef1f0) thrown at [C:\re\workspace\8-2-build-windows-amd64-cygwin\jdk8u201\12322\hotspot\src\share\vm\classfile\systemDictionary.cp
Event: 7.819 Thread 0x0000000003357800 Exception <a 'java/lang/ClassNotFoundException': org/springframework/beans/factory/DisposableBeanCustomizer> (0x00000000dde0d200) thrown at [C:\re\workspace\8-2-build-windows-amd64-cygwin\jdk8u201\12322\hotspot\src\share\vm\classfile\systemDictionary.cpp,
Event: 7.821 Thread 0x0000000003357800 Exception <a 'java/lang/ClassNotFoundException': java/lang/ObjectCustomizer> (0x00000000dde32738) thrown at [C:\re\workspace\8-2-build-windows-amd64-cygwin\jdk8u201\12322\hotspot\src\share\vm\classfile\systemDictionary.cpp, line 210]
Event: 7.822 Thread 0x0000000003357800 Exception <a 'java/lang/ClassNotFoundException': org/springframework/web/multipart/support/StandardServletMultipartResolverCustomizer> (0x00000000dde5db10) thrown at [C:\re\workspace\8-2-build-windows-amd64-cygwin\jdk8u201\12322\hotspot\src\share\vm\class
Event: 7.823 Thread 0x0000000003357800 Exception <a 'java/lang/ClassNotFoundException': org/springframework/web/multipart/MultipartResolverCustomizer> (0x00000000dde81fe0) thrown at [C:\re\workspace\8-2-build-windows-amd64-cygwin\jdk8u201\12322\hotspot\src\share\vm\classfile\systemDictionary.c
Event: 7.875 Thread 0x0000000003357800 Exception <a 'java/lang/ClassNotFoundException': java/lang/ObjectCustomizer> (0x00000000de1b06a8) thrown at [C:\re\workspace\8-2-build-windows-amd64-cygwin\jdk8u201\12322\hotspot\src\share\vm\classfile\systemDictionary.cpp, line 210]
Event: 7.876 Thread 0x0000000003357800 Exception <a 'java/lang/ClassNotFoundException': com/liziwei/orderonline/mapper/OrderMapperTestCustomizer> (0x00000000de1d1658) thrown at [C:\re\workspace\8-2-build-windows-amd64-cygwin\jdk8u201\12322\hotspot\src\share\vm\classfile\systemDictionary.cpp, l

Events (10 events):
Event: 8.155 loading class net/bytebuddy/dynamic/scaffold/ClassWriterStrategy$Default
Event: 8.155 loading class net/bytebuddy/dynamic/scaffold/ClassWriterStrategy$Default done
Event: 8.155 loading class net/bytebuddy/jar/asm/ClassWriter
Event: 8.155 loading class net/bytebuddy/jar/asm/ClassWriter done
Event: 8.156 loading class net/bytebuddy/jar/asm/ClassVisitor
Event: 8.156 loading class net/bytebuddy/jar/asm/ClassVisitor done
Event: 8.157 loading class net/bytebuddy/dynamic/scaffold/ClassWriterStrategy$FrameComputingClassWriter
Event: 8.157 loading class net/bytebuddy/dynamic/scaffold/ClassWriterStrategy$FrameComputingClassWriter done
Event: 8.157 loading class net/bytebuddy/dynamic/scaffold/ClassWriterStrategy$Default$1
Event: 8.157 loading class net/bytebuddy/dynamic/scaffold/ClassWriterStrategy$Default$1 done


Dynamic libraries:
0x00007ff65c130000 - 0x00007ff65c167000 	D:\Java\jdk1.8.0_201\bin\java.exe
0x00007ffc842f0000 - 0x00007ffc844dd000 	C:\WINDOWS\SYSTEM32\ntdll.dll
0x00007ffc81e30000 - 0x00007ffc81ee3000 	C:\WINDOWS\System32\KERNEL32.DLL
0x00007ffc80680000 - 0x00007ffc80913000 	C:\WINDOWS\System32\KERNELBASE.dll
0x00007ffc82030000 - 0x00007ffc820d3000 	C:\WINDOWS\System32\ADVAPI32.dll
0x00007ffc81890000 - 0x00007ffc8192e000 	C:\WINDOWS\System32\msvcrt.dll
0x00007ffc81c90000 - 0x00007ffc81d2e000 	C:\WINDOWS\System32\sechost.dll
0x00007ffc81530000 - 0x00007ffc81652000 	C:\WINDOWS\System32\RPCRT4.dll
0x00007ffc81ae0000 - 0x00007ffc81c77000 	C:\WINDOWS\System32\USER32.dll
0x00007ffc80920000 - 0x00007ffc80940000 	C:\WINDOWS\System32\win32u.dll
0x00007ffc820e0000 - 0x00007ffc82109000 	C:\WINDOWS\System32\GDI32.dll
0x00007ffc80960000 - 0x00007ffc80af9000 	C:\WINDOWS\System32\gdi32full.dll
0x00007ffc805e0000 - 0x00007ffc80680000 	C:\WINDOWS\System32\msvcp_win.dll
0x00007ffc80430000 - 0x00007ffc8052a000 	C:\WINDOWS\System32\ucrtbase.dll
0x00007ffc6ec00000 - 0x00007ffc6ee79000 	C:\WINDOWS\WinSxS\amd64_microsoft.windows.common-controls_6595b64144ccf1df_6.0.17763.864_none_05b3441807210760\COMCTL32.dll
0x00007ffc82930000 - 0x00007ffc82c5c000 	C:\WINDOWS\System32\combase.dll
0x00007ffc80ce0000 - 0x00007ffc80d5e000 	C:\WINDOWS\System32\bcryptPrimitives.dll
0x00007ffc82850000 - 0x00007ffc8287e000 	C:\WINDOWS\System32\IMM32.DLL
0x000000005fea0000 - 0x000000005ff71000 	D:\Java\jdk1.8.0_201\jre\bin\msvcr100.dll
0x000000005f5f0000 - 0x000000005fe94000 	D:\Java\jdk1.8.0_201\jre\bin\server\jvm.dll
0x00007ffc821c0000 - 0x00007ffc821c8000 	C:\WINDOWS\System32\PSAPI.DLL
0x00007ffc67100000 - 0x00007ffc67109000 	C:\WINDOWS\SYSTEM32\WSOCK32.dll
0x00007ffc827e0000 - 0x00007ffc8284d000 	C:\WINDOWS\System32\WS2_32.dll
0x00007ffc7e340000 - 0x00007ffc7e364000 	C:\WINDOWS\SYSTEM32\WINMM.dll
0x00007ffc73200000 - 0x00007ffc7320a000 	C:\WINDOWS\SYSTEM32\VERSION.dll
0x00007ffc7e300000 - 0x00007ffc7e32d000 	C:\WINDOWS\SYSTEM32\WINMMBASE.dll
0x00007ffc803b0000 - 0x00007ffc803fa000 	C:\WINDOWS\System32\cfgmgr32.dll
0x00007ffc77310000 - 0x00007ffc7731f000 	D:\Java\jdk1.8.0_201\jre\bin\verify.dll
0x00007ffc742e0000 - 0x00007ffc74309000 	D:\Java\jdk1.8.0_201\jre\bin\java.dll
0x00007ffc7e3b0000 - 0x00007ffc7e3e5000 	D:\Java\jdk1.8.0_201\jre\bin\jdwp.dll
0x00007ffc7e3a0000 - 0x00007ffc7e3a8000 	D:\Java\jdk1.8.0_201\jre\bin\npt.dll
0x00007ffc7ca80000 - 0x00007ffc7caa3000 	D:\Java\jdk1.8.0_201\jre\bin\instrument.dll
0x00007ffc742c0000 - 0x00007ffc742d6000 	D:\Java\jdk1.8.0_201\jre\bin\zip.dll
0x00007ffc82c60000 - 0x00007ffc84154000 	C:\WINDOWS\System32\SHELL32.dll
0x00007ffc82110000 - 0x00007ffc821b8000 	C:\WINDOWS\System32\shcore.dll
0x00007ffc80dc0000 - 0x00007ffc8150d000 	C:\WINDOWS\System32\windows.storage.dll
0x00007ffc802e0000 - 0x00007ffc80304000 	C:\WINDOWS\System32\profapi.dll
0x00007ffc80350000 - 0x00007ffc803ad000 	C:\WINDOWS\System32\powrprof.dll
0x00007ffc821d0000 - 0x00007ffc82222000 	C:\WINDOWS\System32\shlwapi.dll
0x00007ffc80330000 - 0x00007ffc80341000 	C:\WINDOWS\System32\kernel.appcore.dll
0x00007ffc80940000 - 0x00007ffc80957000 	C:\WINDOWS\System32\cryptsp.dll
0x00007ffc7e390000 - 0x00007ffc7e399000 	D:\Java\jdk1.8.0_201\jre\bin\dt_socket.dll
0x00007ffc7fb50000 - 0x00007ffc7fbb7000 	C:\WINDOWS\system32\mswsock.dll
0x00007ffc7f6d0000 - 0x00007ffc7f703000 	C:\WINDOWS\system32\rsaenh.dll
0x00007ffc80400000 - 0x00007ffc80426000 	C:\WINDOWS\System32\bcrypt.dll
0x00007ffc80210000 - 0x00007ffc80238000 	C:\WINDOWS\SYSTEM32\USERENV.dll
0x00007ffc7fd20000 - 0x00007ffc7fd2c000 	C:\WINDOWS\SYSTEM32\CRYPTBASE.dll
0x00007ffc4a860000 - 0x00007ffc4a87a000 	D:\Java\jdk1.8.0_201\jre\bin\net.dll
0x00007ffc70840000 - 0x00007ffc70a17000 	C:\WINDOWS\SYSTEM32\urlmon.dll
0x00007ffc710b0000 - 0x00007ffc71358000 	C:\WINDOWS\SYSTEM32\iertutil.dll
0x00007ffc7f870000 - 0x00007ffc7f8ad000 	C:\WINDOWS\SYSTEM32\IPHLPAPI.DLL
0x00007ffc81c80000 - 0x00007ffc81c88000 	C:\WINDOWS\System32\NSI.dll
0x00007ffc73150000 - 0x00007ffc73166000 	C:\WINDOWS\SYSTEM32\dhcpcsvc6.DLL
0x00007ffc73060000 - 0x00007ffc7307c000 	C:\WINDOWS\SYSTEM32\dhcpcsvc.DLL
0x00007ffc7f8b0000 - 0x00007ffc7f976000 	C:\WINDOWS\SYSTEM32\DNSAPI.dll
0x00007ffc468d0000 - 0x00007ffc468e1000 	D:\Java\jdk1.8.0_201\jre\bin\nio.dll
0x00007ffc7e4c0000 - 0x00007ffc7e4cd000 	D:\Java\jdk1.8.0_201\jre\bin\management.dll
0x00007ffc3cc80000 - 0x00007ffc3cc96000 	C:\WINDOWS\system32\napinsp.dll
0x00007ffc3cc60000 - 0x00007ffc3cc7a000 	C:\WINDOWS\system32\pnrpnsp.dll
0x00007ffc59bb0000 - 0x00007ffc59bbe000 	C:\WINDOWS\System32\winrnr.dll
0x00007ffc7c950000 - 0x00007ffc7c96b000 	C:\WINDOWS\system32\NLAapi.dll
0x00007ffc75c90000 - 0x00007ffc75ca5000 	C:\WINDOWS\system32\wshbth.dll
0x0000000061040000 - 0x0000000061066000 	C:\Program Files\Bonjour\mdnsNSP.dll
0x00007ffc6b770000 - 0x00007ffc6b77a000 	C:\Windows\System32\rasadhlp.dll
0x00007ffc6cdd0000 - 0x00007ffc6ce49000 	C:\WINDOWS\System32\fwpuclnt.dll

VM Arguments:
jvm_args: -agentlib:jdwp=transport=dt_socket,address=127.0.0.1:9212,suspend=y,server=n -ea -Didea.test.cyclic.buffer.size=1048576 -javaagent:C:\Users\Administrator\.IntelliJIdea2018.3\system\captureAgent\debugger-agent.jar -Dfile.encoding=UTF-8 
java_command: com.intellij.rt.execution.junit.JUnitStarter -ideVersion5 -junit4 com.liziwei.orderonline.mapper.OrderMapperTest,selectAllOrderById
java_class_path (initial): D:\apps\idea\IntelliJ IDEA 2018.3.5\lib\idea_rt.jar;D:\apps\idea\IntelliJ IDEA 2018.3.5\plugins\junit\lib\junit-rt.jar;D:\apps\idea\IntelliJ IDEA 2018.3.5\plugins\junit\lib\junit5-rt.jar;D:\Java\jdk1.8.0_201\jre\lib\charsets.jar;D:\Java\jdk1.8.0_201\jre\lib\deploy.jar;D:\Java\jdk1.8.0_201\jre\lib\ext\access-bridge-64.jar;D:\Java\jdk1.8.0_201\jre\lib\ext\cldrdata.jar;D:\Java\jdk1.8.0_201\jre\lib\ext\dnsns.jar;D:\Java\jdk1.8.0_201\jre\lib\ext\jaccess.jar;D:\Java\jdk1.8.0_201\jre\lib\ext\jfxrt.jar;D:\Java\jdk1.8.0_201\jre\lib\ext\localedata.jar;D:\Java\jdk1.8.0_201\jre\lib\ext\nashorn.jar;D:\Java\jdk1.8.0_201\jre\lib\ext\sunec.jar;D:\Java\jdk1.8.0_201\jre\lib\ext\sunjce_provider.jar;D:\Java\jdk1.8.0_201\jre\lib\ext\sunmscapi.jar;D:\Java\jdk1.8.0_201\jre\lib\ext\sunpkcs11.jar;D:\Java\jdk1.8.0_201\jre\lib\ext\zipfs.jar;D:\Java\jdk1.8.0_201\jre\lib\javaws.jar;D:\Java\jdk1.8.0_201\jre\lib\jce.jar;D:\Java\jdk1.8.0_201\jre\lib\jfr.jar;D:\Java\jdk1.8.0_201\jre\lib\jfxswt.jar;D:\Java\jdk1.8.0_201\jre\lib\jsse.jar;D:\Java\jdk1.8.0_201\jre\lib\management-agent.jar;D:\Java\jdk1.8.0_201\jre\lib\plugin.jar;D:\Java\jdk1.8.0_201\jre\lib\resources.jar;D:\Java\jdk1.8.0_201\jre\lib\rt.jar;D:\Works\liziwei\target\test-classes;D:\Works\liziwei\target\classes;D:\Maven\repository\org\springframework\boot\spring-boot-starter-jdbc\2.2.2.RELEASE\spring-boot-starter-jdbc-2.2.2.RELEASE.jar;D:\Maven\repository\org\springframework\boot\spring-boot-starter\2.2.2.RELEASE\spring-boot-starter-2.2.2.RELEASE.jar;D:\Maven\repository\org\springframework\boot\spring-boot-starter-logging\2.2.2.RELEASE\spring-boot-starter-logging-2.2.2.RELEASE.jar;D:\Maven\repository\ch\qos\logback\logback-classic\1.2.3\logback-classic-1.2.3.jar;D:\Maven\repository\ch\qos\logback\logback-core\1.2.3\logback-core-1.2.3.jar;D:\Maven\repository\org\apache\logging\log4j\log4j-to-slf4j\2.12.1\log4j-to-slf4j-2.12.1.jar;D:\Maven\repository\org\apache\logging\log4j\log4j-api\2.12.1\log4j-api-2.12.1.jar;D:
Launcher Type: SUN_STANDARD

Environment Variables:
JAVA_HOME=D:\Java\jdk1.8.0_201
JRE_HOME=D:\Java\jdk1.8.0_201\jre
PATH=C:\ProgramData\DockerDesktop\version-bin;C:\Program Files\Docker\Docker\Resources\bin;D:\Java\jdk1.8.0_201\bin;C:\Program Files (x86)\Common Files\Oracle\Java\javapath;C:\WINDOWS\system32;C:\WINDOWS;C:\WINDOWS\System32\Wbem;C:\WINDOWS\System32\WindowsPowerShell\v1.0\;D:\Maven\apache-maven-3.6.0\bin;D:\Tomcat\apache-tomcat-7.0.93\lib;C:\WINDOWS\System32\OpenSSH\;D:\SVN\bin;D:\apps\Calibre\;D:\Git\cmd;D:\apps\nodejs\;D:\hadoop-2.7.7\bin;D:\hadoop-2.7.7\sbin;D:\zookeeper-3.4.14\bin;D:\apps\cmder_mini\bin;D:\Go\bin;C:\Users\Administrator\AppData\Local\Microsoft\WindowsApps;;D:\apps\IntelliJ IDEA 2018.3.5\bin;;C:\Users\Administrator\AppData\Roaming\npm;C:\Users\Administrator\go\bin;D:\Microsoft VS Code\bin
USERNAME=Administrator
OS=Windows_NT
PROCESSOR_IDENTIFIER=Intel64 Family 6 Model 142 Stepping 9, GenuineIntel



---------------  S Y S T E M  ---------------

OS: Windows 10.0 , 64 bit Build 17763 (10.0.17763.475)

CPU:total 4 (initial active 4) (2 cores per cpu, 2 threads per core) family 6 model 142 stepping 9, cmov, cx8, fxsr, mmx, sse, sse2, sse3, ssse3, sse4.1, sse4.2, popcnt, avx, avx2, aes, clmul, erms, 3dnowpref, lzcnt, ht, tsc, tscinvbit, bmi1, bmi2, adx

Memory: 4k page, physical 8295652k(1312948k free), swap 8295652k(5556k free)

vm_info: Java HotSpot(TM) 64-Bit Server VM (25.201-b09) for windows-amd64 JRE (1.8.0_201-b09), built on Dec 15 2018 18:36:39 by "java_re" with MS VC++ 10.0 (VS2010)

time: Thu Feb 27 01:19:32 2020
timezone: 中国标准时间
elapsed time: 8 seconds (0d 0h 0m 8s)

